2025-05-09 14:19:55,736 [INFO] Activator:176 - 


2025-05-09 14:19:55,740 [INFO] Activator:177 - !SESSION log4j initialized
2025-05-09 14:20:00,593 [INFO] LogOutputStream:77 - [STDOUT_REDIRECT] 
2025-05-09 14:20:04,108 [INFO] ApplicationProperties:184 - Using Application install path: C:\ST\STM32CubeIDE_1.17.0\STM32CubeIDE\plugins\com.st.stm32cube.common.mx_6.13.0.202411220809
2025-05-09 14:20:04,119 [INFO] DbMcusXml:78 - Set database path to: C:\ST\STM32CubeIDE_1.17.0\STM32CubeIDE\plugins\com.st.stm32cube.common.mx_6.13.0.202411220809\\db\/mcu/
2025-05-09 14:20:04,120 [INFO] ApiDb:274 - Set plugin database path to: C:\ST\STM32CubeIDE_1.17.0\STM32CubeIDE\plugins\com.st.stm32cube.common.mx_6.13.0.202411220809\\db\/plugins/boardmanager/
2025-05-09 14:20:04,120 [WARN] ApiDb:259 - Overriding images path with different value:  => C:\ST\STM32CubeIDE_1.17.0\STM32CubeIDE\plugins\com.st.stm32cube.common.mx_6.13.0.202411220809\\db\/plugins/mcufinder/images/
2025-05-09 14:20:04,126 [INFO] ApiDb:250 - Set database path to: C:\Users\soufe\.stmcufinder\plugins\mcufinder//mcu/
2025-05-09 14:20:04,127 [INFO] DbMcusAds:125 - Set database path to: C:\Users\soufe\.stmcufinder\plugins\mcufinder//mcu/
2025-05-09 14:20:04,128 [INFO] CrossReferenceDbSqlite:203 - Set database path to: C:\Users\soufe\.stmcufinder\plugins\mcufinder//mcu/cs/
2025-05-09 14:20:04,191 [INFO] RulesReader:64 - Compatibility file has been processed (297 Rules)
2025-05-09 14:20:04,240 [INFO] DbMcusXml:78 - Set database path to: C:\ST\STM32CubeIDE_1.17.0\STM32CubeIDE\plugins\com.st.stm32cube.common.mx_6.13.0.202411220809\\db\/mcu/
2025-05-09 14:20:04,240 [INFO] ApiDb:274 - Set plugin database path to: C:\ST\STM32CubeIDE_1.17.0\STM32CubeIDE\plugins\com.st.stm32cube.common.mx_6.13.0.202411220809\\db\/plugins/boardmanager/
2025-05-09 14:20:04,240 [INFO] ApiDb:261 - Set plugin images path to: C:\ST\STM32CubeIDE_1.17.0\STM32CubeIDE\plugins\com.st.stm32cube.common.mx_6.13.0.202411220809\\db\/plugins/mcufinder/images/
2025-05-09 14:20:04,240 [WARN] DbFile:41 - Overriding database path with different value: C:\Users\soufe\.stmcufinder\plugins\mcufinder/ => C:\Users\soufe\.stmcufinder\plugins\mcufinder
2025-05-09 14:20:04,240 [INFO] ApiDb:250 - Set database path to: C:\Users\soufe\.stmcufinder\plugins\mcufinder//mcu/
2025-05-09 14:20:04,240 [WARN] DbFile:41 - Overriding database path with different value: C:\Users\soufe\.stmcufinder\plugins\mcufinder/ => C:\Users\soufe\.stmcufinder\plugins\mcufinder
2025-05-09 14:20:04,240 [INFO] DbMcusAds:125 - Set database path to: C:\Users\soufe\.stmcufinder\plugins\mcufinder//mcu/
2025-05-09 14:20:04,240 [WARN] DbFile:41 - Overriding database path with different value: C:\Users\soufe\.stmcufinder\plugins\mcufinder/ => C:\Users\soufe\.stmcufinder\plugins\mcufinder
2025-05-09 14:20:04,240 [WARN] DbFile:41 - Overriding database path with different value: C:\Users\soufe\.stmcufinder\plugins\mcufinder/ => C:\Users\soufe\.stmcufinder\plugins\mcufinder
2025-05-09 14:20:04,240 [INFO] CrossReferenceDbSqlite:203 - Set database path to: C:\Users\soufe\.stmcufinder\plugins\mcufinder//mcu/cs/
2025-05-09 14:20:04,285 [INFO] MainPanel:272 - HeapMemory: 268435456
2025-05-09 14:20:04,347 [INFO] DbMcusXml:78 - Set database path to: C:\ST\STM32CubeIDE_1.17.0\STM32CubeIDE\plugins\com.st.stm32cube.common.mx_6.13.0.202411220809\\db\/mcu/
2025-05-09 14:20:04,347 [INFO] ApiDb:274 - Set plugin database path to: C:\ST\STM32CubeIDE_1.17.0\STM32CubeIDE\plugins\com.st.stm32cube.common.mx_6.13.0.202411220809\\db\/plugins/boardmanager/
2025-05-09 14:20:04,349 [INFO] ApiDb:261 - Set plugin images path to: C:\ST\STM32CubeIDE_1.17.0\STM32CubeIDE\plugins\com.st.stm32cube.common.mx_6.13.0.202411220809\\db\/plugins/mcufinder/images/
2025-05-09 14:20:04,349 [WARN] DbFile:41 - Overriding database path with different value: C:\Users\soufe\.stmcufinder\plugins\mcufinder/ => C:\Users\soufe\.stmcufinder\plugins\mcufinder
2025-05-09 14:20:04,349 [INFO] ApiDb:250 - Set database path to: C:\Users\soufe\.stmcufinder\plugins\mcufinder//mcu/
2025-05-09 14:20:04,349 [WARN] DbFile:41 - Overriding database path with different value: C:\Users\soufe\.stmcufinder\plugins\mcufinder/ => C:\Users\soufe\.stmcufinder\plugins\mcufinder
2025-05-09 14:20:04,349 [INFO] DbMcusAds:125 - Set database path to: C:\Users\soufe\.stmcufinder\plugins\mcufinder//mcu/
2025-05-09 14:20:04,349 [WARN] DbFile:41 - Overriding database path with different value: C:\Users\soufe\.stmcufinder\plugins\mcufinder/ => C:\Users\soufe\.stmcufinder\plugins\mcufinder
2025-05-09 14:20:04,349 [WARN] DbFile:41 - Overriding database path with different value: C:\Users\soufe\.stmcufinder\plugins\mcufinder/ => C:\Users\soufe\.stmcufinder\plugins\mcufinder
2025-05-09 14:20:04,349 [INFO] CrossReferenceDbSqlite:203 - Set database path to: C:\Users\soufe\.stmcufinder\plugins\mcufinder//mcu/cs/
2025-05-09 14:20:04,359 [INFO] ApplicationProperties:184 - Using Application install path: C:\ST\STM32CubeIDE_1.17.0\STM32CubeIDE\plugins\com.st.stm32cube.common.mx_6.13.0.202411220809
2025-05-09 14:20:04,360 [INFO] PluginManage:196 - Search for loadable plugins [exclusion list=, ]
2025-05-09 14:20:04,361 [INFO] PluginManage:310 - Check plugin analytics
2025-05-09 14:20:04,474 [INFO] AnalyticsPlugin:253 - Accepted Software Licenses: 
2025-05-09 14:20:04,474 [INFO] AnalyticsPlugin:255 - Accepted CMSIS Pack Licenses: 
2025-05-09 14:20:04,474 [INFO] AnalyticsPlugin:257 - Accepted Firmware Licenses: FW.F4.1.28.0
2025-05-09 14:20:04,475 [INFO] PluginManage:359 - Loaded plugin analytics (category:tool,tabindex:-1)
2025-05-09 14:20:04,475 [INFO] PluginManage:310 - Check plugin cadmodel
2025-05-09 14:20:04,481 [INFO] CADModel:105 - Init CAD model plugin
2025-05-09 14:20:04,481 [INFO] PluginManage:359 - Loaded plugin cadmodel (category:power,tabindex:5)
2025-05-09 14:20:04,481 [INFO] PluginManage:310 - Check plugin clock
2025-05-09 14:20:04,488 [INFO] PluginManage:359 - Loaded plugin clock (category:base,tabindex:2)
2025-05-09 14:20:04,488 [INFO] PluginManage:310 - Check plugin ddr
2025-05-09 14:20:04,490 [INFO] PluginManage:359 - Loaded plugin ddr (category:tool,tabindex:6)
2025-05-09 14:20:04,490 [INFO] PluginManage:310 - Check plugin filemanager
2025-05-09 14:20:04,600 [INFO] PluginManage:359 - Loaded plugin filemanager (category:base,tabindex:10)
2025-05-09 14:20:04,601 [INFO] PluginManage:310 - Check plugin ipmanager
2025-05-09 14:20:04,607 [INFO] PluginManage:359 - Loaded plugin ipmanager (category:base,tabindex:5)
2025-05-09 14:20:04,608 [INFO] PluginManage:310 - Check plugin lpbam
2025-05-09 14:20:04,614 [INFO] PluginManage:359 - Loaded plugin lpbam (category:base,tabindex:0)
2025-05-09 14:20:04,614 [INFO] PluginManage:310 - Check plugin memorymap
2025-05-09 14:20:04,626 [INFO] PluginManage:359 - Loaded plugin memorymap (category:base,tabindex:4)
2025-05-09 14:20:04,626 [INFO] PluginManage:310 - Check plugin pinoutandconfiguration
2025-05-09 14:20:04,633 [INFO] PluginManage:359 - Loaded plugin pinoutandconfiguration (category:base,tabindex:1)
2025-05-09 14:20:04,633 [INFO] PluginManage:310 - Check plugin pinoutconfig
2025-05-09 14:20:04,699 [WARN] SupportedApi:132 - Cannot load RTOS API schema: s4s-elt-must-match.1: The content of 'definitions' must match (annotation?, (simpleType | complexType)?, (unique | key | keyref)*)). A problem was found starting at: attribute.
2025-05-09 14:20:04,787 [INFO] PluginManage:359 - Loaded plugin pinoutconfig (category:base,tabindex:0)
2025-05-09 14:20:04,787 [INFO] PluginManage:310 - Check plugin power
2025-05-09 14:20:04,793 [INFO] PluginManage:359 - Loaded plugin power (category:power,tabindex:4)
2025-05-09 14:20:04,793 [INFO] PluginManage:310 - Check plugin projectmanager
2025-05-09 14:20:04,803 [INFO] PluginManage:359 - Loaded plugin projectmanager (category:projectmanager,tabindex:4)
2025-05-09 14:20:04,804 [INFO] PluginManage:310 - Check plugin rif
2025-05-09 14:20:04,808 [INFO] PluginManage:359 - Loaded plugin rif (category:base,tabindex:3)
2025-05-09 14:20:04,808 [INFO] PluginManage:310 - Check plugin thirdparty
2025-05-09 14:20:04,912 [INFO] PluginManage:359 - Loaded plugin thirdparty (category:base,tabindex:-1)
2025-05-09 14:20:04,912 [WARN] IntegrityCheckThread:84 - waiting for thirdparty lock release [integrity check]
2025-05-09 14:20:04,912 [INFO] PluginManage:310 - Check plugin tools
2025-05-09 14:20:04,912 [INFO] IntegrityCheckThread:86 - entering critical section [integrity check]
2025-05-09 14:20:04,912 [INFO] ThirdPartyUpdaterWithRetryManager:70 - Updater plugin not ready yet. [1/15]
2025-05-09 14:20:04,915 [INFO] PluginManage:359 - Loaded plugin tools (category:base,tabindex:7)
2025-05-09 14:20:04,915 [INFO] PluginManage:310 - Check plugin tutovideos
2025-05-09 14:20:05,042 [INFO] PluginManage:359 - Loaded plugin tutovideos (category:base,tabindex:-1)
2025-05-09 14:20:05,042 [INFO] PluginManage:310 - Check plugin updater
2025-05-09 14:20:05,059 [INFO] PluginManage:359 - Loaded plugin updater (category:base,tabindex:12)
2025-05-09 14:20:05,060 [INFO] PluginManage:310 - Check plugin userauth
2025-05-09 14:20:05,062 [INFO] UserAuth:118 - Init User Auth plugin
2025-05-09 14:20:05,063 [INFO] PluginManage:359 - Loaded plugin userauth (category:base,tabindex:14)
2025-05-09 14:20:05,063 [INFO] PluginManage:283 - PluginManage : Loaded plugins [18]
2025-05-09 14:20:05,196 [INFO] PinOutPanel:1589 - setPackage(No Configuration,No Configuration)
2025-05-09 14:20:05,247 [INFO] CADModel:165 - CPN selected for project level
2025-05-09 14:20:05,247 [INFO] CADModel:114 - Register for checkConnection events
2025-05-09 14:20:05,259 [INFO] IPUIPlugin:80 - create IPUIPlugin
2025-05-09 14:20:05,259 [INFO] PluginManager:220 - loadIPPluginJar : add adc
2025-05-09 14:20:05,261 [INFO] IPUIPlugin:80 - create IPUIPlugin
2025-05-09 14:20:05,262 [INFO] PluginManager:220 - loadIPPluginJar : add aes
2025-05-09 14:20:05,264 [INFO] IPUIPlugin:80 - create IPUIPlugin
2025-05-09 14:20:05,264 [INFO] PluginManager:220 - loadIPPluginJar : add can
2025-05-09 14:20:05,265 [INFO] IPUIPlugin:80 - create IPUIPlugin
2025-05-09 14:20:05,266 [INFO] PluginManager:220 - loadIPPluginJar : add comp
2025-05-09 14:20:05,267 [INFO] IPUIPlugin:80 - create IPUIPlugin
2025-05-09 14:20:05,267 [INFO] PluginManager:220 - loadIPPluginJar : add cryp
2025-05-09 14:20:05,269 [INFO] IPUIPlugin:80 - create IPUIPlugin
2025-05-09 14:20:05,269 [INFO] PluginManager:220 - loadIPPluginJar : add ddr_ctrl_phy
2025-05-09 14:20:05,271 [INFO] IPUIPlugin:80 - create IPUIPlugin
2025-05-09 14:20:05,271 [INFO] PluginManager:220 - loadIPPluginJar : add dfsdm
2025-05-09 14:20:05,274 [INFO] IPUIPlugin:80 - create IPUIPlugin
2025-05-09 14:20:05,274 [INFO] PluginManager:220 - loadIPPluginJar : add dma
2025-05-09 14:20:05,276 [INFO] IPUIPlugin:80 - create IPUIPlugin
2025-05-09 14:20:05,276 [INFO] PluginManager:220 - loadIPPluginJar : add dma3
2025-05-09 14:20:05,278 [INFO] IPUIPlugin:80 - create IPUIPlugin
2025-05-09 14:20:05,278 [INFO] PluginManager:220 - loadIPPluginJar : add extmemmanager
2025-05-09 14:20:05,279 [INFO] IPUIPlugin:80 - create IPUIPlugin
2025-05-09 14:20:05,279 [INFO] PluginManager:220 - loadIPPluginJar : add fatfs
2025-05-09 14:20:05,282 [INFO] IPUIPlugin:80 - create IPUIPlugin
2025-05-09 14:20:05,282 [INFO] PluginManager:220 - loadIPPluginJar : add fmc
2025-05-09 14:20:05,286 [INFO] IPUIPlugin:80 - create IPUIPlugin
2025-05-09 14:20:05,286 [INFO] PluginManager:220 - loadIPPluginJar : add freertos
2025-05-09 14:20:05,287 [INFO] IPUIPlugin:80 - create IPUIPlugin
2025-05-09 14:20:05,287 [INFO] PluginManager:220 - loadIPPluginJar : add genericplugin
2025-05-09 14:20:05,290 [INFO] IPUIPlugin:80 - create IPUIPlugin
2025-05-09 14:20:05,290 [INFO] PluginManager:220 - loadIPPluginJar : add gfxmmu
2025-05-09 14:20:05,293 [INFO] IPUIPlugin:80 - create IPUIPlugin
2025-05-09 14:20:05,293 [INFO] PluginManager:220 - loadIPPluginJar : add gic
2025-05-09 14:20:05,295 [INFO] IPUIPlugin:80 - create IPUIPlugin
2025-05-09 14:20:05,295 [INFO] PluginManager:220 - loadIPPluginJar : add gpio
2025-05-09 14:20:05,297 [INFO] IPUIPlugin:80 - create IPUIPlugin
2025-05-09 14:20:05,297 [INFO] PluginManager:220 - loadIPPluginJar : add gtzc
2025-05-09 14:20:05,298 [INFO] IPUIPlugin:80 - create IPUIPlugin
2025-05-09 14:20:05,298 [INFO] PluginManager:220 - loadIPPluginJar : add hash
2025-05-09 14:20:05,300 [INFO] IPUIPlugin:80 - create IPUIPlugin
2025-05-09 14:20:05,300 [INFO] PluginManager:220 - loadIPPluginJar : add i2c
2025-05-09 14:20:05,301 [INFO] IPUIPlugin:80 - create IPUIPlugin
2025-05-09 14:20:05,301 [INFO] PluginManager:220 - loadIPPluginJar : add i2s
2025-05-09 14:20:05,303 [INFO] IPUIPlugin:80 - create IPUIPlugin
2025-05-09 14:20:05,303 [INFO] PluginManager:220 - loadIPPluginJar : add i3c
2025-05-09 14:20:05,305 [INFO] IPUIPlugin:80 - create IPUIPlugin
2025-05-09 14:20:05,305 [INFO] PluginManager:220 - loadIPPluginJar : add ipddr
2025-05-09 14:20:05,310 [INFO] IPUIPlugin:80 - create IPUIPlugin
2025-05-09 14:20:05,310 [INFO] PluginManager:220 - loadIPPluginJar : add linkedlist
2025-05-09 14:20:05,314 [INFO] IPUIPlugin:80 - create IPUIPlugin
2025-05-09 14:20:05,314 [INFO] PluginManager:220 - loadIPPluginJar : add lorawan
2025-05-09 14:20:05,315 [INFO] IPUIPlugin:80 - create IPUIPlugin
2025-05-09 14:20:05,315 [INFO] PluginManager:220 - loadIPPluginJar : add ltdc
2025-05-09 14:20:05,320 [INFO] IPUIPlugin:80 - create IPUIPlugin
2025-05-09 14:20:05,320 [INFO] PluginManager:220 - loadIPPluginJar : add mdma
2025-05-09 14:20:05,322 [INFO] IPUIPlugin:80 - create IPUIPlugin
2025-05-09 14:20:05,322 [INFO] PluginManager:220 - loadIPPluginJar : add nvic
2025-05-09 14:20:05,324 [INFO] IPUIPlugin:80 - create IPUIPlugin
2025-05-09 14:20:05,324 [INFO] PluginManager:220 - loadIPPluginJar : add opamp
2025-05-09 14:20:05,326 [INFO] IPUIPlugin:80 - create IPUIPlugin
2025-05-09 14:20:05,326 [INFO] PluginManager:220 - loadIPPluginJar : add openamp
2025-05-09 14:20:05,329 [INFO] IPUIPlugin:80 - create IPUIPlugin
2025-05-09 14:20:05,329 [INFO] PluginManager:220 - loadIPPluginJar : add pdm2pcm
2025-05-09 14:20:05,332 [INFO] IPUIPlugin:80 - create IPUIPlugin
2025-05-09 14:20:05,334 [INFO] PluginManager:220 - loadIPPluginJar : add plateformsettings
2025-05-09 14:20:05,335 [INFO] IPUIPlugin:80 - create IPUIPlugin
2025-05-09 14:20:05,335 [INFO] PluginManager:220 - loadIPPluginJar : add quadspi
2025-05-09 14:20:05,336 [INFO] IPUIPlugin:80 - create IPUIPlugin
2025-05-09 14:20:05,336 [INFO] PluginManager:220 - loadIPPluginJar : add radio
2025-05-09 14:20:05,340 [INFO] IPUIPlugin:80 - create IPUIPlugin
2025-05-09 14:20:05,340 [INFO] PluginManager:220 - loadIPPluginJar : add resmgrutility
2025-05-09 14:20:05,341 [INFO] IPUIPlugin:80 - create IPUIPlugin
2025-05-09 14:20:05,341 [INFO] PluginManager:220 - loadIPPluginJar : add sai
2025-05-09 14:20:05,343 [INFO] IPUIPlugin:80 - create IPUIPlugin
2025-05-09 14:20:05,343 [INFO] PluginManager:220 - loadIPPluginJar : add spi
2025-05-09 14:20:05,345 [INFO] IPUIPlugin:80 - create IPUIPlugin
2025-05-09 14:20:05,345 [INFO] PluginManager:220 - loadIPPluginJar : add stm32_wpan
2025-05-09 14:20:05,348 [INFO] IPUIPlugin:80 - create IPUIPlugin
2025-05-09 14:20:05,348 [INFO] PluginManager:220 - loadIPPluginJar : add tim
2025-05-09 14:20:05,350 [INFO] IPUIPlugin:80 - create IPUIPlugin
2025-05-09 14:20:05,350 [INFO] PluginManager:220 - loadIPPluginJar : add touchsensing
2025-05-09 14:20:05,351 [INFO] IPUIPlugin:80 - create IPUIPlugin
2025-05-09 14:20:05,351 [INFO] PluginManager:220 - loadIPPluginJar : add tracer_emb
2025-05-09 14:20:05,352 [INFO] IPUIPlugin:80 - create IPUIPlugin
2025-05-09 14:20:05,353 [INFO] PluginManager:220 - loadIPPluginJar : add ts
2025-05-09 14:20:05,354 [INFO] IPUIPlugin:80 - create IPUIPlugin
2025-05-09 14:20:05,354 [INFO] PluginManager:220 - loadIPPluginJar : add tsc
2025-05-09 14:20:05,355 [INFO] IPUIPlugin:80 - create IPUIPlugin
2025-05-09 14:20:05,355 [INFO] PluginManager:220 - loadIPPluginJar : add ucpd
2025-05-09 14:20:05,357 [INFO] IPUIPlugin:80 - create IPUIPlugin
2025-05-09 14:20:05,357 [INFO] PluginManager:220 - loadIPPluginJar : add usart
2025-05-09 14:20:05,359 [INFO] IPUIPlugin:80 - create IPUIPlugin
2025-05-09 14:20:05,359 [INFO] PluginManager:220 - loadIPPluginJar : add usbx
2025-05-09 14:20:05,461 [FATAL] Updater:351 - Updater called before beeing initialized
2025-05-09 14:20:05,508 [INFO] RulesReader:64 - Compatibility file has been processed (297 Rules)
2025-05-09 14:20:05,518 [INFO] RulesReader:64 - Compatibility file has been processed (297 Rules)
2025-05-09 14:20:05,531 [INFO] CADModel:165 - CPN selected for project level
2025-05-09 14:20:05,532 [INFO] CADModel:114 - Register for checkConnection events
2025-05-09 14:20:05,532 [FATAL] Updater:351 - Updater called before beeing initialized
2025-05-09 14:20:05,532 [ERROR] CADModel:125 - Updater not yet initialized, retry later 
2025-05-09 14:20:05,619 [FATAL] Updater:351 - Updater called before beeing initialized
2025-05-09 14:20:05,620 [INFO] CADModel:165 - CPN selected for project level
2025-05-09 14:20:05,620 [INFO] CADModel:114 - Register for checkConnection events
2025-05-09 14:20:05,620 [FATAL] Updater:351 - Updater called before beeing initialized
2025-05-09 14:20:05,620 [ERROR] CADModel:125 - Updater not yet initialized, retry later 
2025-05-09 14:20:05,622 [FATAL] Updater:351 - Updater called before beeing initialized
2025-05-09 14:20:05,689 [FATAL] Updater:351 - Updater called before beeing initialized
2025-05-09 14:20:05,692 [INFO] DbMcusAds:53 - JSON generation date=Thu Mar 06 15:54:22 CET 2025 (1741272862204)
2025-05-09 14:20:05,692 [FATAL] Updater:351 - Updater called before beeing initialized
2025-05-09 14:20:05,715 [WARN] DetailPanel:346 - Failed to get advertising image, set to default
2025-05-09 14:20:05,881 [FATAL] Updater:351 - Updater called before beeing initialized
2025-05-09 14:20:05,883 [FATAL] Updater:351 - Updater called before beeing initialized
2025-05-09 14:20:05,883 [FATAL] Updater:351 - Updater called before beeing initialized
2025-05-09 14:20:05,883 [WARN] DetailPanel:346 - Failed to get advertising image, set to default
2025-05-09 14:20:05,884 [FATAL] Updater:351 - Updater called before beeing initialized
2025-05-09 14:20:05,910 [ERROR] Updater:1198 - MainUpdater not yet initialized. External WinMGr cannot be set.
2025-05-09 14:20:05,911 [INFO] Updater:1134 - Updater Version found : 6.13.0
2025-05-09 14:20:05,923 [INFO] ApplicationProperties:184 - Using Application install path: C:\ST\STM32CubeIDE_1.17.0\STM32CubeIDE\plugins\com.st.stm32cube.common.mx_6.13.0.202411220809
2025-05-09 14:20:07,502 [ERROR] LogOutputStream:75 - [STDERR_REDIRECT] May 09, 2025 2:20:07 PM java.util.prefs.WindowsPreferences <init>
2025-05-09 14:20:07,504 [ERROR] LogOutputStream:75 - [STDERR_REDIRECT] WARNING: Could not open/create prefs root node Software\JavaSoft\Prefs at root 0xffffffff80000002. Windows RegCreateKeyEx(...) returned error code 5.
2025-05-09 14:20:07,504 [ERROR] LogOutputStream:75 - [STDERR_REDIRECT] 
2025-05-09 14:20:07,870 [INFO] MainUpdater:2872 - connection check result : 10
2025-05-09 14:20:07,870 [INFO] MainUpdater:289 - Updater Check For Update Now.
2025-05-09 14:20:07,870 [INFO] MicroXplorer:498 - Change Database Version : DB.6.0.130
2025-05-09 14:20:07,880 [INFO] McuFinderGlobals:63 - Set McuFinder mode to 2 (CubeIDE integrated)
2025-05-09 14:20:07,881 [INFO] UserAuth:486 - Internet connection configuration mode: 1
2025-05-09 14:20:07,913 [WARN] MainUpdater:1193 - Updater busy. Cannot search thirdparties
2025-05-09 14:20:07,913 [INFO] ThirdPartyUpdaterWithRetryManager:96 - Updater plugin is busy. [1/15]
2025-05-09 14:20:07,915 [INFO] JxBrowserEngine:152 - Initiate JxBrowser Engine with user profile folder
2025-05-09 14:20:08,040 [INFO] CheckServerUpdateThread:120 - End of CheckServer Thread
2025-05-09 14:20:08,982 [INFO] WebApp:168 - Instantiating new browser for Auth
2025-05-09 14:20:09,374 [INFO] WebApp:449 - Apply proxy settings
2025-05-09 14:20:09,374 [INFO] WebApp:534 - Chromium requires no authentication
2025-05-09 14:20:09,380 [INFO] WebApp:477 - Direct internet connection detected
2025-05-09 14:20:09,393 [INFO] WebApp:880 - Register for checkConnection events
2025-05-09 14:20:09,393 [INFO] WebApp:449 - Apply proxy settings
2025-05-09 14:20:09,393 [INFO] WebApp:534 - Chromium requires no authentication
2025-05-09 14:20:09,394 [INFO] WebApp:477 - Direct internet connection detected
2025-05-09 14:20:09,493 [INFO] WebApp:221 - Starting web application
2025-05-09 14:20:09,493 [INFO] WebApp:579 - Web application path used C:\ST\STM32CubeIDE_1.17.0\STM32CubeIDE\plugins\com.st.stm32cube.common.mx_6.13.0.202411220809\db\plugins\mcufinder\reactClient1\index.html
2025-05-09 14:20:09,548 [INFO] UserAuth:486 - Internet connection configuration mode: 1
2025-05-09 14:20:10,687 [INFO] WebApp:187 - Connection restablished
2025-05-09 14:20:11,084 [WARN] PackLoader:240 - Cannot read IP mode file for STMicroelectronics.FP-SNS-MOTENVWB1.1.4.0
2025-05-09 14:20:11,089 [WARN] PackLoader:240 - Cannot read IP mode file for STMicroelectronics.FP-ATR-ASTRA1.2.0.2
2025-05-09 14:20:11,095 [WARN] PackLoader:240 - Cannot read IP mode file for STMicroelectronics.X-CUBE-SMBUS.2.1.0
2025-05-09 14:20:11,100 [WARN] PackLoader:240 - Cannot read IP mode file for STMicroelectronics.X-CUBE-WB05N.1.1.0
2025-05-09 14:20:11,122 [WARN] PackLoader:240 - Cannot read IP mode file for STMicroelectronics.X-CUBE-AZRTOS-F7.1.1.0
2025-05-09 14:20:11,128 [WARN] PackLoader:240 - Cannot read IP mode file for STMicroelectronics.FP-SNS-FLIGHT1.5.0.2
2025-05-09 14:20:11,149 [WARN] PackLoader:240 - Cannot read IP mode file for Infineon.AIROC-Wi-Fi-Bluetooth-STM32.1.7.0
2025-05-09 14:20:11,162 [WARN] PackLoader:240 - Cannot read IP mode file for STMicroelectronics.X-CUBE-DISPLAY.3.0.0
2025-05-09 14:20:11,170 [WARN] PackLoader:240 - Cannot read IP mode file for STMicroelectronics.X-CUBE-BLE1.7.0.0
2025-05-09 14:20:11,176 [WARN] PackLoader:240 - Cannot read IP mode file for STMicroelectronics.X-CUBE-NFC10.1.0.0
2025-05-09 14:20:11,185 [WARN] PackLoader:240 - Cannot read IP mode file for STMicroelectronics.X-CUBE-BLEMGR.4.0.0
2025-05-09 14:20:11,190 [WARN] PackLoader:240 - Cannot read IP mode file for emotas.I-CUBE-CANOPEN.1.3.0
2025-05-09 14:20:11,194 [WARN] PackLoader:240 - Cannot read IP mode file for STMicroelectronics.X-CUBE-AI.10.0.0
2025-05-09 14:20:11,199 [WARN] PackLoader:240 - Cannot read IP mode file for STMicroelectronics.FP-SNS-SMARTAG2.1.2.0
2025-05-09 14:20:11,201 [WARN] PackLoader:240 - Cannot read IP mode file for STMicroelectronics.FP-SNS-FLIGHT1.5.1.0
2025-05-09 14:20:11,228 [WARN] PackLoader:240 - Cannot read IP mode file for STMicroelectronics.X-CUBE-MEMS1.11.1.0
2025-05-09 14:20:11,309 [INFO] LogOutputStream:77 - [STDOUT_REDIRECT] 1 : Invalid condition id : UX_CORESTACK_Condition cause : null
2025-05-09 14:20:11,311 [INFO] LogOutputStream:77 - [STDOUT_REDIRECT] 1 : Invalid condition id : UX_CORESTACK_Condition cause : null
2025-05-09 14:20:11,312 [INFO] LogOutputStream:77 - [STDOUT_REDIRECT] 1 : Invalid condition id : UX_CORESTACK_Condition cause : null
2025-05-09 14:20:11,313 [INFO] LogOutputStream:77 - [STDOUT_REDIRECT] 1 : Invalid condition id : UX_CORESTACK_Condition cause : null
2025-05-09 14:20:11,314 [INFO] LogOutputStream:77 - [STDOUT_REDIRECT] 1 : Invalid condition id : UX_CORESTACK_Condition cause : null
2025-05-09 14:20:11,316 [WARN] PackLoader:240 - Cannot read IP mode file for STMicroelectronics.X-CUBE-AZRTOS-WL.2.0.0
2025-05-09 14:20:11,319 [WARN] PackLoader:240 - Cannot read IP mode file for STMicroelectronics.FP-SNS-MOTENV1.5.0.0
2025-05-09 14:20:11,325 [WARN] PackLoader:240 - Cannot read IP mode file for WES.I-CUBE-Cesium.1.3.0
2025-05-09 14:20:11,328 [WARN] PackLoader:240 - Cannot read IP mode file for STMicroelectronics.X-CUBE-BLE2.3.3.0
2025-05-09 14:20:11,332 [WARN] PackLoader:240 - Cannot read IP mode file for STMicroelectronics.X-CUBE-NFC9.1.0.0
2025-05-09 14:20:11,335 [WARN] PackLoader:240 - Cannot read IP mode file for STMicroelectronics.X-CUBE-BLE1.7.1.0
2025-05-09 14:20:11,338 [WARN] PackLoader:240 - Cannot read IP mode file for wolfSSL.I-CUBE-wolfMQTT.1.19.2
2025-05-09 14:20:11,363 [WARN] PackLoader:240 - Cannot read IP mode file for STMicroelectronics.X-CUBE-MEMS1.11.2.0
2025-05-09 14:20:11,459 [WARN] PackLoader:240 - Cannot read IP mode file for STMicroelectronics.X-CUBE-AZRTOS-G0.1.1.0
2025-05-09 14:20:11,464 [WARN] PackLoader:240 - Cannot read IP mode file for STMicroelectronics.X-CUBE-SAFEA1.1.2.2
2025-05-09 14:20:11,469 [WARN] PackLoader:240 - Cannot read IP mode file for STMicroelectronics.X-CUBE-NFC4.3.0.0
2025-05-09 14:20:11,473 [WARN] PackLoader:240 - Cannot read IP mode file for EmbeddedOffice.I-CUBE-FS-RTOS.1.0.1
2025-05-09 14:20:11,477 [WARN] PackLoader:240 - Cannot read IP mode file for STMicroelectronics.X-CUBE-WB05N.2.0.0
2025-05-09 14:20:11,481 [WARN] PackLoader:240 - Cannot read IP mode file for wolfSSL.I-CUBE-wolfTPM.3.8.0
2025-05-09 14:20:11,484 [WARN] PackLoader:240 - Cannot read IP mode file for STMicroelectronics.X-CUBE-TCPP.4.2.0
2025-05-09 14:20:11,488 [WARN] PackLoader:240 - Cannot read IP mode file for RealThread.X-CUBE-RT-Thread_Nano.4.1.1
2025-05-09 14:20:11,490 [WARN] PackLoader:240 - Cannot read IP mode file for STMicroelectronics.FP-ATR-SIGFOX1.3.2.0
2025-05-09 14:20:11,493 [WARN] ConditionMgr:438 - getConditionDescription Invalid condition id : Cortex-A Device cause : null
2025-05-09 14:20:11,503 [WARN] ConditionMgr:1044 - genDependencies : Invalid condition id : Cortex-A Device cause : null
2025-05-09 14:20:11,503 [WARN] ConditionMgr:1044 - genDependencies : Invalid condition id : Cortex-A Device cause : null
2025-05-09 14:20:11,503 [WARN] ConditionMgr:1044 - genDependencies : Invalid condition id : Cortex-A Device cause : null
2025-05-09 14:20:11,509 [WARN] PackLoader:240 - Cannot read IP mode file for STMicroelectronics.X-CUBE-EEPRMA1.5.1.0
2025-05-09 14:20:11,513 [WARN] PackLoader:240 - Cannot read IP mode file for wolfSSL.I-CUBE-wolfSSL.5.7.6
2025-05-09 14:20:11,518 [WARN] PackLoader:240 - Cannot read IP mode file for ITTIA_DB.I-CUBE-ITTIADB.8.9.0
2025-05-09 14:20:11,531 [WARN] PackLoader:240 - Cannot read IP mode file for SEGGER.I-CUBE-embOS.1.3.1
2025-05-09 14:20:11,545 [WARN] PackLoader:240 - Cannot read IP mode file for STMicroelectronics.X-CUBE-ALGOBUILD.1.4.0
2025-05-09 14:20:11,553 [WARN] PackLoader:240 - Cannot read IP mode file for STMicroelectronics.X-CUBE-AZRTOS-F4.1.1.0
2025-05-09 14:20:11,556 [WARN] PackLoader:240 - Cannot read IP mode file for Avnet-IotConnect.X-CUBE-IoTC-DA16k-PMOD.1.0.0
2025-05-09 14:20:11,559 [WARN] PackLoader:240 - Cannot read IP mode file for STMicroelectronics.X-CUBE-ISPU.2.1.0
2025-05-09 14:20:11,567 [WARN] PackLoader:240 - Cannot read IP mode file for STMicroelectronics.X-CUBE-AZRTOS-L5.2.0.0
2025-05-09 14:20:11,573 [WARN] PackLoader:240 - Cannot read IP mode file for STMicroelectronics.X-CUBE-NFC6.3.1.0
2025-05-09 14:20:11,579 [WARN] PackLoader:240 - Cannot read IP mode file for STMicroelectronics.X-CUBE-DPower.1.2.0
2025-05-09 14:20:11,582 [WARN] PackLoader:240 - Cannot read IP mode file for STMicroelectronics.X-CUBE-FREERTOS.1.3.1
2025-05-09 14:20:11,585 [WARN] PackLoader:240 - Cannot read IP mode file for STMicroelectronics.X-CUBE-FREERTOS.1.3.0
2025-05-09 14:20:11,589 [WARN] PackLoader:240 - Cannot read IP mode file for STMicroelectronics.X-CUBE-NFC7.1.0.1
2025-05-09 14:20:11,592 [WARN] PackLoader:240 - Cannot read IP mode file for STMicroelectronics.X-CUBE-DPower.1.3.0
2025-05-09 14:20:11,601 [WARN] ConditionMgr:438 - getConditionDescription Invalid condition id : LAN8742 Phy interface Condition cause : null
2025-05-09 14:20:11,602 [WARN] PackLoader:240 - Cannot read IP mode file for STMicroelectronics.X-CUBE-AZRTOS-L4.2.0.0
2025-05-09 14:20:11,602 [WARN] ConditionMgr:1044 - genDependencies : Invalid condition id : LAN8742 Phy interface Condition cause : null
2025-05-09 14:20:11,602 [WARN] ConditionMgr:1044 - genDependencies : Invalid condition id : LAN8742 Phy interface Condition cause : null
2025-05-09 14:20:11,602 [WARN] ConditionMgr:1044 - genDependencies : Invalid condition id : LAN8742 Phy interface Condition cause : null
2025-05-09 14:20:11,606 [WARN] PackLoader:240 - Cannot read IP mode file for STMicroelectronics.X-CUBE-SFXS2LP1.4.0.0
2025-05-09 14:20:11,615 [WARN] PackLoader:240 - Cannot read IP mode file for STMicroelectronics.X-CUBE-AZRTOS-H7.3.3.0
2025-05-09 14:20:11,622 [WARN] ConditionMgr:438 - getConditionDescription Invalid condition id : UX DEVICE CLASS RTOS Condition cause : null
2025-05-09 14:20:11,622 [WARN] ConditionMgr:438 - getConditionDescription Invalid condition id : UX DEVICE CLASS RTOS Condition cause : null
2025-05-09 14:20:11,623 [WARN] PackLoader:240 - Cannot read IP mode file for STMicroelectronics.X-CUBE-AZRTOS-WB.2.0.0
2025-05-09 14:20:11,623 [WARN] ConditionMgr:1044 - genDependencies : Invalid condition id : UX DEVICE CLASS RTOS Condition cause : null
2025-05-09 14:20:11,623 [WARN] ConditionMgr:1044 - genDependencies : Invalid condition id : UX DEVICE CLASS RTOS Condition cause : null
2025-05-09 14:20:11,623 [WARN] ConditionMgr:1044 - genDependencies : Invalid condition id : UX DEVICE CLASS RTOS Condition cause : null
2025-05-09 14:20:11,623 [WARN] ConditionMgr:1044 - genDependencies : Invalid condition id : UX DEVICE CLASS RTOS Condition cause : null
2025-05-09 14:20:11,623 [WARN] ConditionMgr:1044 - genDependencies : Invalid condition id : UX DEVICE CLASS RTOS Condition cause : null
2025-05-09 14:20:11,626 [WARN] PackLoader:240 - Cannot read IP mode file for STMicroelectronics.X-CUBE-GNSS1.7.0.1
2025-05-09 14:20:11,631 [WARN] PackLoader:240 - Cannot read IP mode file for STMicroelectronics.X-CUBE-TOUCHGFX.4.25.0
2025-05-09 14:20:11,634 [WARN] PackLoader:240 - Cannot read IP mode file for STMicroelectronics.FP-SNS-STBOX1.2.0.0
2025-05-09 14:20:11,639 [WARN] PackLoader:240 - Cannot read IP mode file for STMicroelectronics.X-CUBE-SUBG2.5.0.0
2025-05-09 14:20:11,652 [WARN] PackLoader:240 - Cannot read IP mode file for STMicroelectronics.X-CUBE-AZRTOS-H7RS.1.1.0
2025-05-09 14:20:11,658 [WARN] PackLoader:240 - Cannot read IP mode file for Cesanta.I-CUBE-Mongoose.7.13.0
2025-05-09 14:20:11,665 [WARN] PackLoader:240 - Cannot read IP mode file for STMicroelectronics.X-CUBE-AZRTOS-G4.2.0.0
2025-05-09 14:20:11,668 [WARN] PackLoader:240 - Cannot read IP mode file for wolfSSL.I-CUBE-wolfSSH.1.4.20
2025-05-09 14:20:11,670 [WARN] PackLoader:240 - Cannot read IP mode file for STMicroelectronics.X-CUBE-NFC7.2.0.0
2025-05-09 14:20:11,676 [WARN] PackLoader:240 - Cannot read IP mode file for STMicroelectronics.X-CUBE-IPS.3.1.0
2025-05-09 14:20:11,680 [WARN] PackLoader:240 - Cannot read IP mode file for STMicroelectronics.X-CUBE-ALS.1.0.2
2025-05-09 14:20:11,684 [WARN] PackLoader:240 - Cannot read IP mode file for STMicroelectronics.X-CUBE-TOUCHGFX.4.24.2
2025-05-09 14:20:11,687 [WARN] PackLoader:240 - Cannot read IP mode file for portGmbH.I-Cube-SoM-uGOAL.1.1.0
2025-05-09 14:20:11,693 [WARN] PackLoader:240 - Cannot read IP mode file for STMicroelectronics.X-CUBE-AZRTOS-H7RS.1.0.0
2025-05-09 14:20:11,699 [WARN] PackLoader:240 - Cannot read IP mode file for STMicroelectronics.X-CUBE-TOF1.3.4.2
2025-05-09 14:20:11,708 [WARN] PackLoader:240 - Cannot read IP mode file for STMicroelectronics.X-CUBE-TOF1.3.4.3
2025-05-09 14:20:11,713 [INFO] ThirdParty:978 - Integrity check success = true
2025-05-09 14:20:11,713 [INFO] IntegrityCheckThread:100 - exiting critical section [integrity check]
2025-05-09 14:20:11,713 [INFO] IntegrityCheckThread:103 - End integrity checks thread
2025-05-09 14:48:41,944 [INFO] WebApp:190 - Connection lost
2025-05-09 14:48:42,250 [INFO] WebApp:187 - Connection restablished
2025-05-09 15:07:00,429 [INFO] WebApp:190 - Connection lost
2025-05-09 15:07:00,558 [INFO] WebApp:187 - Connection restablished
2025-05-09 15:26:41,529 [ERROR] LogOutputStream:75 - [STDERR_REDIRECT] 
