2025-05-14 14:22:34,979 [INFO] Activator:176 - 


2025-05-14 14:22:34,979 [INFO] Activator:177 - !SESSION log4j initialized
2025-05-14 14:22:38,297 [INFO] LogOutputStream:77 - [STDOUT_REDIRECT] 
2025-05-14 14:22:41,799 [INFO] ApplicationProperties:184 - Using Application install path: C:\ST\STM32CubeIDE_1.17.0\STM32CubeIDE\plugins\com.st.stm32cube.common.mx_6.13.0.202411220809
2025-05-14 14:22:41,810 [INFO] DbMcusXml:78 - Set database path to: C:\ST\STM32CubeIDE_1.17.0\STM32CubeIDE\plugins\com.st.stm32cube.common.mx_6.13.0.202411220809\\db\/mcu/
2025-05-14 14:22:41,810 [INFO] ApiDb:274 - Set plugin database path to: C:\ST\STM32CubeIDE_1.17.0\STM32CubeIDE\plugins\com.st.stm32cube.common.mx_6.13.0.202411220809\\db\/plugins/boardmanager/
2025-05-14 14:22:41,811 [WARN] ApiDb:259 - Overriding images path with different value:  => C:\ST\STM32CubeIDE_1.17.0\STM32CubeIDE\plugins\com.st.stm32cube.common.mx_6.13.0.202411220809\\db\/plugins/mcufinder/images/
2025-05-14 14:22:41,815 [INFO] ApiDb:250 - Set database path to: C:\Users\soufe\.stmcufinder\plugins\mcufinder//mcu/
2025-05-14 14:22:41,815 [INFO] DbMcusAds:125 - Set database path to: C:\Users\soufe\.stmcufinder\plugins\mcufinder//mcu/
2025-05-14 14:22:41,817 [INFO] CrossReferenceDbSqlite:203 - Set database path to: C:\Users\soufe\.stmcufinder\plugins\mcufinder//mcu/cs/
2025-05-14 14:22:41,878 [INFO] RulesReader:64 - Compatibility file has been processed (297 Rules)
2025-05-14 14:22:41,927 [INFO] DbMcusXml:78 - Set database path to: C:\ST\STM32CubeIDE_1.17.0\STM32CubeIDE\plugins\com.st.stm32cube.common.mx_6.13.0.202411220809\\db\/mcu/
2025-05-14 14:22:41,927 [INFO] ApiDb:274 - Set plugin database path to: C:\ST\STM32CubeIDE_1.17.0\STM32CubeIDE\plugins\com.st.stm32cube.common.mx_6.13.0.202411220809\\db\/plugins/boardmanager/
2025-05-14 14:22:41,927 [INFO] ApiDb:261 - Set plugin images path to: C:\ST\STM32CubeIDE_1.17.0\STM32CubeIDE\plugins\com.st.stm32cube.common.mx_6.13.0.202411220809\\db\/plugins/mcufinder/images/
2025-05-14 14:22:41,927 [WARN] DbFile:41 - Overriding database path with different value: C:\Users\soufe\.stmcufinder\plugins\mcufinder/ => C:\Users\soufe\.stmcufinder\plugins\mcufinder
2025-05-14 14:22:41,927 [INFO] ApiDb:250 - Set database path to: C:\Users\soufe\.stmcufinder\plugins\mcufinder//mcu/
2025-05-14 14:22:41,927 [WARN] DbFile:41 - Overriding database path with different value: C:\Users\soufe\.stmcufinder\plugins\mcufinder/ => C:\Users\soufe\.stmcufinder\plugins\mcufinder
2025-05-14 14:22:41,927 [INFO] DbMcusAds:125 - Set database path to: C:\Users\soufe\.stmcufinder\plugins\mcufinder//mcu/
2025-05-14 14:22:41,927 [WARN] DbFile:41 - Overriding database path with different value: C:\Users\soufe\.stmcufinder\plugins\mcufinder/ => C:\Users\soufe\.stmcufinder\plugins\mcufinder
2025-05-14 14:22:41,927 [WARN] DbFile:41 - Overriding database path with different value: C:\Users\soufe\.stmcufinder\plugins\mcufinder/ => C:\Users\soufe\.stmcufinder\plugins\mcufinder
2025-05-14 14:22:41,927 [INFO] CrossReferenceDbSqlite:203 - Set database path to: C:\Users\soufe\.stmcufinder\plugins\mcufinder//mcu/cs/
2025-05-14 14:22:41,972 [INFO] MainPanel:272 - HeapMemory: 268435456
2025-05-14 14:22:42,042 [INFO] DbMcusXml:78 - Set database path to: C:\ST\STM32CubeIDE_1.17.0\STM32CubeIDE\plugins\com.st.stm32cube.common.mx_6.13.0.202411220809\\db\/mcu/
2025-05-14 14:22:42,043 [INFO] ApiDb:274 - Set plugin database path to: C:\ST\STM32CubeIDE_1.17.0\STM32CubeIDE\plugins\com.st.stm32cube.common.mx_6.13.0.202411220809\\db\/plugins/boardmanager/
2025-05-14 14:22:42,043 [INFO] ApiDb:261 - Set plugin images path to: C:\ST\STM32CubeIDE_1.17.0\STM32CubeIDE\plugins\com.st.stm32cube.common.mx_6.13.0.202411220809\\db\/plugins/mcufinder/images/
2025-05-14 14:22:42,043 [WARN] DbFile:41 - Overriding database path with different value: C:\Users\soufe\.stmcufinder\plugins\mcufinder/ => C:\Users\soufe\.stmcufinder\plugins\mcufinder
2025-05-14 14:22:42,043 [INFO] ApiDb:250 - Set database path to: C:\Users\soufe\.stmcufinder\plugins\mcufinder//mcu/
2025-05-14 14:22:42,043 [WARN] DbFile:41 - Overriding database path with different value: C:\Users\soufe\.stmcufinder\plugins\mcufinder/ => C:\Users\soufe\.stmcufinder\plugins\mcufinder
2025-05-14 14:22:42,043 [INFO] DbMcusAds:125 - Set database path to: C:\Users\soufe\.stmcufinder\plugins\mcufinder//mcu/
2025-05-14 14:22:42,043 [WARN] DbFile:41 - Overriding database path with different value: C:\Users\soufe\.stmcufinder\plugins\mcufinder/ => C:\Users\soufe\.stmcufinder\plugins\mcufinder
2025-05-14 14:22:42,043 [WARN] DbFile:41 - Overriding database path with different value: C:\Users\soufe\.stmcufinder\plugins\mcufinder/ => C:\Users\soufe\.stmcufinder\plugins\mcufinder
2025-05-14 14:22:42,043 [INFO] CrossReferenceDbSqlite:203 - Set database path to: C:\Users\soufe\.stmcufinder\plugins\mcufinder//mcu/cs/
2025-05-14 14:22:42,055 [INFO] ApplicationProperties:184 - Using Application install path: C:\ST\STM32CubeIDE_1.17.0\STM32CubeIDE\plugins\com.st.stm32cube.common.mx_6.13.0.202411220809
2025-05-14 14:22:42,056 [INFO] PluginManage:196 - Search for loadable plugins [exclusion list=, ]
2025-05-14 14:22:42,056 [INFO] PluginManage:310 - Check plugin analytics
2025-05-14 14:22:42,182 [INFO] AnalyticsPlugin:253 - Accepted Software Licenses: 
2025-05-14 14:22:42,182 [INFO] AnalyticsPlugin:255 - Accepted CMSIS Pack Licenses: 
2025-05-14 14:22:42,182 [INFO] AnalyticsPlugin:257 - Accepted Firmware Licenses: FW.F4.1.28.0
2025-05-14 14:22:42,184 [INFO] PluginManage:359 - Loaded plugin analytics (category:tool,tabindex:-1)
2025-05-14 14:22:42,184 [INFO] PluginManage:310 - Check plugin cadmodel
2025-05-14 14:22:42,190 [INFO] CADModel:105 - Init CAD model plugin
2025-05-14 14:22:42,190 [INFO] PluginManage:359 - Loaded plugin cadmodel (category:power,tabindex:5)
2025-05-14 14:22:42,190 [INFO] PluginManage:310 - Check plugin clock
2025-05-14 14:22:42,197 [INFO] PluginManage:359 - Loaded plugin clock (category:base,tabindex:2)
2025-05-14 14:22:42,197 [INFO] PluginManage:310 - Check plugin ddr
2025-05-14 14:22:42,199 [INFO] PluginManage:359 - Loaded plugin ddr (category:tool,tabindex:6)
2025-05-14 14:22:42,199 [INFO] PluginManage:310 - Check plugin filemanager
2025-05-14 14:22:42,314 [INFO] PluginManage:359 - Loaded plugin filemanager (category:base,tabindex:10)
2025-05-14 14:22:42,314 [INFO] PluginManage:310 - Check plugin ipmanager
2025-05-14 14:22:42,322 [INFO] PluginManage:359 - Loaded plugin ipmanager (category:base,tabindex:5)
2025-05-14 14:22:42,322 [INFO] PluginManage:310 - Check plugin lpbam
2025-05-14 14:22:42,328 [INFO] PluginManage:359 - Loaded plugin lpbam (category:base,tabindex:0)
2025-05-14 14:22:42,328 [INFO] PluginManage:310 - Check plugin memorymap
2025-05-14 14:22:42,337 [INFO] PluginManage:359 - Loaded plugin memorymap (category:base,tabindex:4)
2025-05-14 14:22:42,337 [INFO] PluginManage:310 - Check plugin pinoutandconfiguration
2025-05-14 14:22:42,343 [INFO] PluginManage:359 - Loaded plugin pinoutandconfiguration (category:base,tabindex:1)
2025-05-14 14:22:42,343 [INFO] PluginManage:310 - Check plugin pinoutconfig
2025-05-14 14:22:42,400 [WARN] SupportedApi:132 - Cannot load RTOS API schema: s4s-elt-must-match.1: The content of 'definitions' must match (annotation?, (simpleType | complexType)?, (unique | key | keyref)*)). A problem was found starting at: attribute.
2025-05-14 14:22:42,481 [INFO] PluginManage:359 - Loaded plugin pinoutconfig (category:base,tabindex:0)
2025-05-14 14:22:42,481 [INFO] PluginManage:310 - Check plugin power
2025-05-14 14:22:42,487 [INFO] PluginManage:359 - Loaded plugin power (category:power,tabindex:4)
2025-05-14 14:22:42,487 [INFO] PluginManage:310 - Check plugin projectmanager
2025-05-14 14:22:42,497 [INFO] PluginManage:359 - Loaded plugin projectmanager (category:projectmanager,tabindex:4)
2025-05-14 14:22:42,497 [INFO] PluginManage:310 - Check plugin rif
2025-05-14 14:22:42,501 [INFO] PluginManage:359 - Loaded plugin rif (category:base,tabindex:3)
2025-05-14 14:22:42,501 [INFO] PluginManage:310 - Check plugin thirdparty
2025-05-14 14:22:42,585 [INFO] PluginManage:359 - Loaded plugin thirdparty (category:base,tabindex:-1)
2025-05-14 14:22:42,585 [WARN] IntegrityCheckThread:84 - waiting for thirdparty lock release [integrity check]
2025-05-14 14:22:42,585 [INFO] PluginManage:310 - Check plugin tools
2025-05-14 14:22:42,585 [INFO] IntegrityCheckThread:86 - entering critical section [integrity check]
2025-05-14 14:22:42,586 [INFO] ThirdPartyUpdaterWithRetryManager:70 - Updater plugin not ready yet. [1/15]
2025-05-14 14:22:42,587 [INFO] PluginManage:359 - Loaded plugin tools (category:base,tabindex:7)
2025-05-14 14:22:42,588 [INFO] PluginManage:310 - Check plugin tutovideos
2025-05-14 14:22:42,708 [INFO] PluginManage:359 - Loaded plugin tutovideos (category:base,tabindex:-1)
2025-05-14 14:22:42,708 [INFO] PluginManage:310 - Check plugin updater
2025-05-14 14:22:42,726 [INFO] PluginManage:359 - Loaded plugin updater (category:base,tabindex:12)
2025-05-14 14:22:42,726 [INFO] PluginManage:310 - Check plugin userauth
2025-05-14 14:22:42,730 [INFO] UserAuth:118 - Init User Auth plugin
2025-05-14 14:22:42,731 [INFO] PluginManage:359 - Loaded plugin userauth (category:base,tabindex:14)
2025-05-14 14:22:42,732 [INFO] PluginManage:283 - PluginManage : Loaded plugins [18]
2025-05-14 14:22:42,869 [INFO] PinOutPanel:1589 - setPackage(No Configuration,No Configuration)
2025-05-14 14:22:42,924 [INFO] CADModel:165 - CPN selected for project level
2025-05-14 14:22:42,924 [INFO] CADModel:114 - Register for checkConnection events
2025-05-14 14:22:42,936 [INFO] IPUIPlugin:80 - create IPUIPlugin
2025-05-14 14:22:42,936 [INFO] PluginManager:220 - loadIPPluginJar : add adc
2025-05-14 14:22:42,938 [INFO] IPUIPlugin:80 - create IPUIPlugin
2025-05-14 14:22:42,938 [INFO] PluginManager:220 - loadIPPluginJar : add aes
2025-05-14 14:22:42,940 [INFO] IPUIPlugin:80 - create IPUIPlugin
2025-05-14 14:22:42,940 [INFO] PluginManager:220 - loadIPPluginJar : add can
2025-05-14 14:22:42,941 [INFO] IPUIPlugin:80 - create IPUIPlugin
2025-05-14 14:22:42,941 [INFO] PluginManager:220 - loadIPPluginJar : add comp
2025-05-14 14:22:42,942 [INFO] IPUIPlugin:80 - create IPUIPlugin
2025-05-14 14:22:42,942 [INFO] PluginManager:220 - loadIPPluginJar : add cryp
2025-05-14 14:22:42,944 [INFO] IPUIPlugin:80 - create IPUIPlugin
2025-05-14 14:22:42,944 [INFO] PluginManager:220 - loadIPPluginJar : add ddr_ctrl_phy
2025-05-14 14:22:42,946 [INFO] IPUIPlugin:80 - create IPUIPlugin
2025-05-14 14:22:42,946 [INFO] PluginManager:220 - loadIPPluginJar : add dfsdm
2025-05-14 14:22:42,949 [INFO] IPUIPlugin:80 - create IPUIPlugin
2025-05-14 14:22:42,950 [INFO] PluginManager:220 - loadIPPluginJar : add dma
2025-05-14 14:22:42,950 [INFO] IPUIPlugin:80 - create IPUIPlugin
2025-05-14 14:22:42,951 [INFO] PluginManager:220 - loadIPPluginJar : add dma3
2025-05-14 14:22:42,952 [INFO] IPUIPlugin:80 - create IPUIPlugin
2025-05-14 14:22:42,952 [INFO] PluginManager:220 - loadIPPluginJar : add extmemmanager
2025-05-14 14:22:42,953 [INFO] IPUIPlugin:80 - create IPUIPlugin
2025-05-14 14:22:42,953 [INFO] PluginManager:220 - loadIPPluginJar : add fatfs
2025-05-14 14:22:42,956 [INFO] IPUIPlugin:80 - create IPUIPlugin
2025-05-14 14:22:42,956 [INFO] PluginManager:220 - loadIPPluginJar : add fmc
2025-05-14 14:22:42,959 [INFO] IPUIPlugin:80 - create IPUIPlugin
2025-05-14 14:22:42,959 [INFO] PluginManager:220 - loadIPPluginJar : add freertos
2025-05-14 14:22:42,959 [INFO] IPUIPlugin:80 - create IPUIPlugin
2025-05-14 14:22:42,959 [INFO] PluginManager:220 - loadIPPluginJar : add genericplugin
2025-05-14 14:22:42,961 [INFO] IPUIPlugin:80 - create IPUIPlugin
2025-05-14 14:22:42,961 [INFO] PluginManager:220 - loadIPPluginJar : add gfxmmu
2025-05-14 14:22:42,964 [INFO] IPUIPlugin:80 - create IPUIPlugin
2025-05-14 14:22:42,964 [INFO] PluginManager:220 - loadIPPluginJar : add gic
2025-05-14 14:22:42,966 [INFO] IPUIPlugin:80 - create IPUIPlugin
2025-05-14 14:22:42,966 [INFO] PluginManager:220 - loadIPPluginJar : add gpio
2025-05-14 14:22:42,968 [INFO] IPUIPlugin:80 - create IPUIPlugin
2025-05-14 14:22:42,968 [INFO] PluginManager:220 - loadIPPluginJar : add gtzc
2025-05-14 14:22:42,969 [INFO] IPUIPlugin:80 - create IPUIPlugin
2025-05-14 14:22:42,969 [INFO] PluginManager:220 - loadIPPluginJar : add hash
2025-05-14 14:22:42,971 [INFO] IPUIPlugin:80 - create IPUIPlugin
2025-05-14 14:22:42,971 [INFO] PluginManager:220 - loadIPPluginJar : add i2c
2025-05-14 14:22:42,973 [INFO] IPUIPlugin:80 - create IPUIPlugin
2025-05-14 14:22:42,973 [INFO] PluginManager:220 - loadIPPluginJar : add i2s
2025-05-14 14:22:42,974 [INFO] IPUIPlugin:80 - create IPUIPlugin
2025-05-14 14:22:42,974 [INFO] PluginManager:220 - loadIPPluginJar : add i3c
2025-05-14 14:22:42,977 [INFO] IPUIPlugin:80 - create IPUIPlugin
2025-05-14 14:22:42,977 [INFO] PluginManager:220 - loadIPPluginJar : add ipddr
2025-05-14 14:22:42,980 [INFO] IPUIPlugin:80 - create IPUIPlugin
2025-05-14 14:22:42,981 [INFO] PluginManager:220 - loadIPPluginJar : add linkedlist
2025-05-14 14:22:42,982 [INFO] IPUIPlugin:80 - create IPUIPlugin
2025-05-14 14:22:42,982 [INFO] PluginManager:220 - loadIPPluginJar : add lorawan
2025-05-14 14:22:42,983 [INFO] IPUIPlugin:80 - create IPUIPlugin
2025-05-14 14:22:42,983 [INFO] PluginManager:220 - loadIPPluginJar : add ltdc
2025-05-14 14:22:42,987 [INFO] IPUIPlugin:80 - create IPUIPlugin
2025-05-14 14:22:42,987 [INFO] PluginManager:220 - loadIPPluginJar : add mdma
2025-05-14 14:22:42,988 [INFO] IPUIPlugin:80 - create IPUIPlugin
2025-05-14 14:22:42,988 [INFO] PluginManager:220 - loadIPPluginJar : add nvic
2025-05-14 14:22:42,990 [INFO] IPUIPlugin:80 - create IPUIPlugin
2025-05-14 14:22:42,990 [INFO] PluginManager:220 - loadIPPluginJar : add opamp
2025-05-14 14:22:42,992 [INFO] IPUIPlugin:80 - create IPUIPlugin
2025-05-14 14:22:42,992 [INFO] PluginManager:220 - loadIPPluginJar : add openamp
2025-05-14 14:22:42,994 [INFO] IPUIPlugin:80 - create IPUIPlugin
2025-05-14 14:22:42,994 [INFO] PluginManager:220 - loadIPPluginJar : add pdm2pcm
2025-05-14 14:22:42,997 [INFO] IPUIPlugin:80 - create IPUIPlugin
2025-05-14 14:22:42,999 [INFO] PluginManager:220 - loadIPPluginJar : add plateformsettings
2025-05-14 14:22:42,999 [INFO] IPUIPlugin:80 - create IPUIPlugin
2025-05-14 14:22:42,999 [INFO] PluginManager:220 - loadIPPluginJar : add quadspi
2025-05-14 14:22:43,001 [INFO] IPUIPlugin:80 - create IPUIPlugin
2025-05-14 14:22:43,002 [INFO] PluginManager:220 - loadIPPluginJar : add radio
2025-05-14 14:22:43,004 [INFO] IPUIPlugin:80 - create IPUIPlugin
2025-05-14 14:22:43,004 [INFO] PluginManager:220 - loadIPPluginJar : add resmgrutility
2025-05-14 14:22:43,006 [INFO] IPUIPlugin:80 - create IPUIPlugin
2025-05-14 14:22:43,006 [INFO] PluginManager:220 - loadIPPluginJar : add sai
2025-05-14 14:22:43,007 [INFO] IPUIPlugin:80 - create IPUIPlugin
2025-05-14 14:22:43,007 [INFO] PluginManager:220 - loadIPPluginJar : add spi
2025-05-14 14:22:43,011 [INFO] IPUIPlugin:80 - create IPUIPlugin
2025-05-14 14:22:43,011 [INFO] PluginManager:220 - loadIPPluginJar : add stm32_wpan
2025-05-14 14:22:43,013 [INFO] IPUIPlugin:80 - create IPUIPlugin
2025-05-14 14:22:43,013 [INFO] PluginManager:220 - loadIPPluginJar : add tim
2025-05-14 14:22:43,015 [INFO] IPUIPlugin:80 - create IPUIPlugin
2025-05-14 14:22:43,015 [INFO] PluginManager:220 - loadIPPluginJar : add touchsensing
2025-05-14 14:22:43,016 [INFO] IPUIPlugin:80 - create IPUIPlugin
2025-05-14 14:22:43,017 [INFO] PluginManager:220 - loadIPPluginJar : add tracer_emb
2025-05-14 14:22:43,019 [INFO] IPUIPlugin:80 - create IPUIPlugin
2025-05-14 14:22:43,019 [INFO] PluginManager:220 - loadIPPluginJar : add ts
2025-05-14 14:22:43,020 [INFO] IPUIPlugin:80 - create IPUIPlugin
2025-05-14 14:22:43,020 [INFO] PluginManager:220 - loadIPPluginJar : add tsc
2025-05-14 14:22:43,021 [INFO] IPUIPlugin:80 - create IPUIPlugin
2025-05-14 14:22:43,021 [INFO] PluginManager:220 - loadIPPluginJar : add ucpd
2025-05-14 14:22:43,023 [INFO] IPUIPlugin:80 - create IPUIPlugin
2025-05-14 14:22:43,023 [INFO] PluginManager:220 - loadIPPluginJar : add usart
2025-05-14 14:22:43,025 [INFO] IPUIPlugin:80 - create IPUIPlugin
2025-05-14 14:22:43,025 [INFO] PluginManager:220 - loadIPPluginJar : add usbx
2025-05-14 14:22:43,130 [FATAL] Updater:351 - Updater called before beeing initialized
2025-05-14 14:22:43,152 [INFO] RulesReader:64 - Compatibility file has been processed (297 Rules)
2025-05-14 14:22:43,163 [INFO] RulesReader:64 - Compatibility file has been processed (297 Rules)
2025-05-14 14:22:43,169 [INFO] CADModel:165 - CPN selected for project level
2025-05-14 14:22:43,170 [INFO] CADModel:114 - Register for checkConnection events
2025-05-14 14:22:43,170 [FATAL] Updater:351 - Updater called before beeing initialized
2025-05-14 14:22:43,170 [ERROR] CADModel:125 - Updater not yet initialized, retry later 
2025-05-14 14:22:43,267 [FATAL] Updater:351 - Updater called before beeing initialized
2025-05-14 14:22:43,268 [INFO] CADModel:165 - CPN selected for project level
2025-05-14 14:22:43,268 [INFO] CADModel:114 - Register for checkConnection events
2025-05-14 14:22:43,268 [FATAL] Updater:351 - Updater called before beeing initialized
2025-05-14 14:22:43,268 [ERROR] CADModel:125 - Updater not yet initialized, retry later 
2025-05-14 14:22:43,271 [FATAL] Updater:351 - Updater called before beeing initialized
2025-05-14 14:22:43,343 [FATAL] Updater:351 - Updater called before beeing initialized
2025-05-14 14:22:43,347 [INFO] DbMcusAds:53 - JSON generation date=Thu Mar 06 15:54:22 CET 2025 (1741272862204)
2025-05-14 14:22:43,348 [FATAL] Updater:351 - Updater called before beeing initialized
2025-05-14 14:22:43,370 [WARN] DetailPanel:346 - Failed to get advertising image, set to default
2025-05-14 14:22:43,533 [FATAL] Updater:351 - Updater called before beeing initialized
2025-05-14 14:22:43,534 [FATAL] Updater:351 - Updater called before beeing initialized
2025-05-14 14:22:43,534 [FATAL] Updater:351 - Updater called before beeing initialized
2025-05-14 14:22:43,534 [WARN] DetailPanel:346 - Failed to get advertising image, set to default
2025-05-14 14:22:43,535 [FATAL] Updater:351 - Updater called before beeing initialized
2025-05-14 14:22:43,559 [ERROR] Updater:1198 - MainUpdater not yet initialized. External WinMGr cannot be set.
2025-05-14 14:22:43,561 [INFO] Updater:1134 - Updater Version found : 6.13.0
2025-05-14 14:22:43,571 [INFO] ApplicationProperties:184 - Using Application install path: C:\ST\STM32CubeIDE_1.17.0\STM32CubeIDE\plugins\com.st.stm32cube.common.mx_6.13.0.202411220809
2025-05-14 14:22:45,149 [ERROR] LogOutputStream:75 - [STDERR_REDIRECT] May 14, 2025 2:22:45 PM java.util.prefs.WindowsPreferences <init>
2025-05-14 14:22:45,151 [ERROR] LogOutputStream:75 - [STDERR_REDIRECT] WARNING: Could not open/create prefs root node Software\JavaSoft\Prefs at root 0xffffffff80000002. Windows RegCreateKeyEx(...) returned error code 5.
2025-05-14 14:22:45,151 [ERROR] LogOutputStream:75 - [STDERR_REDIRECT] 
2025-05-14 14:22:45,409 [INFO] MainUpdater:2872 - connection check result : 10
2025-05-14 14:22:45,409 [INFO] MainUpdater:3566 - Updater definition file requires update
2025-05-14 14:22:45,410 [INFO] MainUpdater:289 - Updater Check For Update Now.
2025-05-14 14:22:45,410 [INFO] MicroXplorer:498 - Change Database Version : DB.6.0.130
2025-05-14 14:22:45,415 [INFO] McuFinderGlobals:63 - Set McuFinder mode to 2 (CubeIDE integrated)
2025-05-14 14:22:45,416 [INFO] UserAuth:486 - Internet connection configuration mode: 1
2025-05-14 14:22:45,428 [INFO] JxBrowserEngine:152 - Initiate JxBrowser Engine with user profile folder
2025-05-14 14:22:45,435 [INFO] ServerAccessManage:473 - Download File updaters.zip
2025-05-14 14:22:45,587 [WARN] MainUpdater:1193 - Updater busy. Cannot search thirdparties
2025-05-14 14:22:45,587 [INFO] ThirdPartyUpdaterWithRetryManager:96 - Updater plugin is busy. [1/15]
2025-05-14 14:22:45,725 [INFO] FileExtend:240 - Unzip File : updaters.zip
2025-05-14 14:22:45,726 [INFO] FileExtend:255 - Standard Zip Deflate
2025-05-14 14:22:45,963 [INFO] ServerAccessManage:473 - Download File PacksControlFlags.xml
2025-05-14 14:22:46,004 [INFO] ServerAccessManage:473 - Download File cubemx.pidx
2025-05-14 14:22:46,061 [INFO] LoadServerUpdatesThread:375 - End of LoadServerUpdate Thread
2025-05-14 14:22:46,191 [INFO] CheckServerUpdateThread:120 - End of CheckServer Thread
2025-05-14 14:22:46,705 [INFO] WebApp:168 - Instantiating new browser for Auth
2025-05-14 14:22:47,086 [INFO] WebApp:449 - Apply proxy settings
2025-05-14 14:22:47,086 [INFO] WebApp:534 - Chromium requires no authentication
2025-05-14 14:22:47,092 [INFO] WebApp:477 - Direct internet connection detected
2025-05-14 14:22:47,106 [INFO] WebApp:880 - Register for checkConnection events
2025-05-14 14:22:47,106 [INFO] WebApp:449 - Apply proxy settings
2025-05-14 14:22:47,106 [INFO] WebApp:534 - Chromium requires no authentication
2025-05-14 14:22:47,106 [INFO] WebApp:477 - Direct internet connection detected
2025-05-14 14:22:47,212 [INFO] WebApp:221 - Starting web application
2025-05-14 14:22:47,213 [INFO] WebApp:579 - Web application path used C:\ST\STM32CubeIDE_1.17.0\STM32CubeIDE\plugins\com.st.stm32cube.common.mx_6.13.0.202411220809\db\plugins\mcufinder\reactClient1\index.html
2025-05-14 14:22:47,275 [INFO] UserAuth:486 - Internet connection configuration mode: 1
2025-05-14 14:22:47,555 [INFO] WebApp:187 - Connection restablished
2025-05-14 14:22:48,786 [WARN] PackLoader:240 - Cannot read IP mode file for STMicroelectronics.FP-SNS-MOTENVWB1.1.4.0
2025-05-14 14:22:48,791 [WARN] PackLoader:240 - Cannot read IP mode file for STMicroelectronics.FP-ATR-ASTRA1.2.0.2
2025-05-14 14:22:48,797 [WARN] PackLoader:240 - Cannot read IP mode file for STMicroelectronics.X-CUBE-SMBUS.2.1.0
2025-05-14 14:22:48,802 [WARN] PackLoader:240 - Cannot read IP mode file for STMicroelectronics.X-CUBE-WB05N.1.1.0
2025-05-14 14:22:48,820 [WARN] PackLoader:240 - Cannot read IP mode file for STMicroelectronics.X-CUBE-AZRTOS-F7.1.1.0
2025-05-14 14:22:48,826 [WARN] PackLoader:240 - Cannot read IP mode file for STMicroelectronics.FP-SNS-FLIGHT1.5.0.2
2025-05-14 14:22:48,840 [WARN] PackLoader:240 - Cannot read IP mode file for Infineon.AIROC-Wi-Fi-Bluetooth-STM32.1.7.0
2025-05-14 14:22:48,849 [WARN] PackLoader:240 - Cannot read IP mode file for STMicroelectronics.X-CUBE-DISPLAY.3.0.0
2025-05-14 14:22:48,856 [WARN] PackLoader:240 - Cannot read IP mode file for STMicroelectronics.X-CUBE-BLE1.7.0.0
2025-05-14 14:22:48,860 [WARN] PackLoader:240 - Cannot read IP mode file for STMicroelectronics.X-CUBE-NFC10.1.0.0
2025-05-14 14:22:48,868 [WARN] PackLoader:240 - Cannot read IP mode file for STMicroelectronics.X-CUBE-BLEMGR.4.0.0
2025-05-14 14:22:48,873 [WARN] PackLoader:240 - Cannot read IP mode file for emotas.I-CUBE-CANOPEN.1.3.0
2025-05-14 14:22:48,877 [WARN] PackLoader:240 - Cannot read IP mode file for STMicroelectronics.X-CUBE-AI.10.0.0
2025-05-14 14:22:48,880 [WARN] PackLoader:240 - Cannot read IP mode file for STMicroelectronics.FP-SNS-SMARTAG2.1.2.0
2025-05-14 14:22:48,883 [WARN] PackLoader:240 - Cannot read IP mode file for STMicroelectronics.FP-SNS-FLIGHT1.5.1.0
2025-05-14 14:22:48,910 [WARN] PackLoader:240 - Cannot read IP mode file for STMicroelectronics.X-CUBE-MEMS1.11.1.0
2025-05-14 14:22:48,987 [INFO] LogOutputStream:77 - [STDOUT_REDIRECT] 1 : Invalid condition id : UX_CORESTACK_Condition cause : null
2025-05-14 14:22:48,988 [INFO] LogOutputStream:77 - [STDOUT_REDIRECT] 1 : Invalid condition id : UX_CORESTACK_Condition cause : null
2025-05-14 14:22:48,989 [INFO] LogOutputStream:77 - [STDOUT_REDIRECT] 1 : Invalid condition id : UX_CORESTACK_Condition cause : null
2025-05-14 14:22:48,990 [INFO] LogOutputStream:77 - [STDOUT_REDIRECT] 1 : Invalid condition id : UX_CORESTACK_Condition cause : null
2025-05-14 14:22:48,990 [INFO] LogOutputStream:77 - [STDOUT_REDIRECT] 1 : Invalid condition id : UX_CORESTACK_Condition cause : null
2025-05-14 14:22:48,992 [WARN] PackLoader:240 - Cannot read IP mode file for STMicroelectronics.X-CUBE-AZRTOS-WL.2.0.0
2025-05-14 14:22:48,997 [WARN] PackLoader:240 - Cannot read IP mode file for STMicroelectronics.FP-SNS-MOTENV1.5.0.0
2025-05-14 14:22:49,003 [WARN] PackLoader:240 - Cannot read IP mode file for WES.I-CUBE-Cesium.1.3.0
2025-05-14 14:22:49,007 [WARN] PackLoader:240 - Cannot read IP mode file for STMicroelectronics.X-CUBE-BLE2.3.3.0
2025-05-14 14:22:49,011 [WARN] PackLoader:240 - Cannot read IP mode file for STMicroelectronics.X-CUBE-NFC9.1.0.0
2025-05-14 14:22:49,014 [WARN] PackLoader:240 - Cannot read IP mode file for STMicroelectronics.X-CUBE-BLE1.7.1.0
2025-05-14 14:22:49,018 [WARN] PackLoader:240 - Cannot read IP mode file for wolfSSL.I-CUBE-wolfMQTT.1.19.2
2025-05-14 14:22:49,042 [WARN] PackLoader:240 - Cannot read IP mode file for STMicroelectronics.X-CUBE-MEMS1.11.2.0
2025-05-14 14:22:49,100 [WARN] PackLoader:240 - Cannot read IP mode file for STMicroelectronics.X-CUBE-AZRTOS-G0.1.1.0
2025-05-14 14:22:49,104 [WARN] PackLoader:240 - Cannot read IP mode file for STMicroelectronics.X-CUBE-SAFEA1.1.2.2
2025-05-14 14:22:49,108 [WARN] PackLoader:240 - Cannot read IP mode file for STMicroelectronics.X-CUBE-NFC4.3.0.0
2025-05-14 14:22:49,113 [WARN] PackLoader:240 - Cannot read IP mode file for EmbeddedOffice.I-CUBE-FS-RTOS.1.0.1
2025-05-14 14:22:49,117 [WARN] PackLoader:240 - Cannot read IP mode file for STMicroelectronics.X-CUBE-WB05N.2.0.0
2025-05-14 14:22:49,120 [WARN] PackLoader:240 - Cannot read IP mode file for wolfSSL.I-CUBE-wolfTPM.3.8.0
2025-05-14 14:22:49,125 [WARN] PackLoader:240 - Cannot read IP mode file for STMicroelectronics.X-CUBE-TCPP.4.2.0
2025-05-14 14:22:49,129 [WARN] PackLoader:240 - Cannot read IP mode file for RealThread.X-CUBE-RT-Thread_Nano.4.1.1
2025-05-14 14:22:49,132 [WARN] PackLoader:240 - Cannot read IP mode file for STMicroelectronics.FP-ATR-SIGFOX1.3.2.0
2025-05-14 14:22:49,135 [WARN] ConditionMgr:438 - getConditionDescription Invalid condition id : Cortex-A Device cause : null
2025-05-14 14:22:49,143 [WARN] ConditionMgr:1044 - genDependencies : Invalid condition id : Cortex-A Device cause : null
2025-05-14 14:22:49,144 [WARN] ConditionMgr:1044 - genDependencies : Invalid condition id : Cortex-A Device cause : null
2025-05-14 14:22:49,144 [WARN] ConditionMgr:1044 - genDependencies : Invalid condition id : Cortex-A Device cause : null
2025-05-14 14:22:49,147 [WARN] PackLoader:240 - Cannot read IP mode file for STMicroelectronics.X-CUBE-EEPRMA1.5.1.0
2025-05-14 14:22:49,150 [WARN] PackLoader:240 - Cannot read IP mode file for wolfSSL.I-CUBE-wolfSSL.5.7.6
2025-05-14 14:22:49,155 [WARN] PackLoader:240 - Cannot read IP mode file for ITTIA_DB.I-CUBE-ITTIADB.8.9.0
2025-05-14 14:22:49,168 [WARN] PackLoader:240 - Cannot read IP mode file for SEGGER.I-CUBE-embOS.1.3.1
2025-05-14 14:22:49,188 [WARN] PackLoader:240 - Cannot read IP mode file for STMicroelectronics.X-CUBE-ALGOBUILD.1.4.0
2025-05-14 14:22:49,196 [WARN] PackLoader:240 - Cannot read IP mode file for STMicroelectronics.X-CUBE-AZRTOS-F4.1.1.0
2025-05-14 14:22:49,200 [WARN] PackLoader:240 - Cannot read IP mode file for Avnet-IotConnect.X-CUBE-IoTC-DA16k-PMOD.1.0.0
2025-05-14 14:22:49,202 [WARN] PackLoader:240 - Cannot read IP mode file for STMicroelectronics.X-CUBE-ISPU.2.1.0
2025-05-14 14:22:49,211 [WARN] PackLoader:240 - Cannot read IP mode file for STMicroelectronics.X-CUBE-AZRTOS-L5.2.0.0
2025-05-14 14:22:49,215 [WARN] PackLoader:240 - Cannot read IP mode file for STMicroelectronics.X-CUBE-NFC6.3.1.0
2025-05-14 14:22:49,220 [WARN] PackLoader:240 - Cannot read IP mode file for STMicroelectronics.X-CUBE-DPower.1.2.0
2025-05-14 14:22:49,223 [WARN] PackLoader:240 - Cannot read IP mode file for STMicroelectronics.X-CUBE-FREERTOS.1.3.1
2025-05-14 14:22:49,226 [WARN] PackLoader:240 - Cannot read IP mode file for STMicroelectronics.X-CUBE-FREERTOS.1.3.0
2025-05-14 14:22:49,229 [WARN] PackLoader:240 - Cannot read IP mode file for STMicroelectronics.X-CUBE-NFC7.1.0.1
2025-05-14 14:22:49,233 [WARN] PackLoader:240 - Cannot read IP mode file for STMicroelectronics.X-CUBE-DPower.1.3.0
2025-05-14 14:22:49,240 [WARN] ConditionMgr:438 - getConditionDescription Invalid condition id : LAN8742 Phy interface Condition cause : null
2025-05-14 14:22:49,241 [WARN] PackLoader:240 - Cannot read IP mode file for STMicroelectronics.X-CUBE-AZRTOS-L4.2.0.0
2025-05-14 14:22:49,241 [WARN] ConditionMgr:1044 - genDependencies : Invalid condition id : LAN8742 Phy interface Condition cause : null
2025-05-14 14:22:49,241 [WARN] ConditionMgr:1044 - genDependencies : Invalid condition id : LAN8742 Phy interface Condition cause : null
2025-05-14 14:22:49,241 [WARN] ConditionMgr:1044 - genDependencies : Invalid condition id : LAN8742 Phy interface Condition cause : null
2025-05-14 14:22:49,245 [WARN] PackLoader:240 - Cannot read IP mode file for STMicroelectronics.X-CUBE-SFXS2LP1.4.0.0
2025-05-14 14:22:49,255 [WARN] PackLoader:240 - Cannot read IP mode file for STMicroelectronics.X-CUBE-AZRTOS-H7.3.3.0
2025-05-14 14:22:49,263 [WARN] ConditionMgr:438 - getConditionDescription Invalid condition id : UX DEVICE CLASS RTOS Condition cause : null
2025-05-14 14:22:49,263 [WARN] ConditionMgr:438 - getConditionDescription Invalid condition id : UX DEVICE CLASS RTOS Condition cause : null
2025-05-14 14:22:49,264 [WARN] PackLoader:240 - Cannot read IP mode file for STMicroelectronics.X-CUBE-AZRTOS-WB.2.0.0
2025-05-14 14:22:49,265 [WARN] ConditionMgr:1044 - genDependencies : Invalid condition id : UX DEVICE CLASS RTOS Condition cause : null
2025-05-14 14:22:49,265 [WARN] ConditionMgr:1044 - genDependencies : Invalid condition id : UX DEVICE CLASS RTOS Condition cause : null
2025-05-14 14:22:49,265 [WARN] ConditionMgr:1044 - genDependencies : Invalid condition id : UX DEVICE CLASS RTOS Condition cause : null
2025-05-14 14:22:49,265 [WARN] ConditionMgr:1044 - genDependencies : Invalid condition id : UX DEVICE CLASS RTOS Condition cause : null
2025-05-14 14:22:49,265 [WARN] ConditionMgr:1044 - genDependencies : Invalid condition id : UX DEVICE CLASS RTOS Condition cause : null
2025-05-14 14:22:49,269 [WARN] PackLoader:240 - Cannot read IP mode file for STMicroelectronics.X-CUBE-GNSS1.7.0.1
2025-05-14 14:22:49,274 [WARN] PackLoader:240 - Cannot read IP mode file for STMicroelectronics.X-CUBE-TOUCHGFX.4.25.0
2025-05-14 14:22:49,278 [WARN] PackLoader:240 - Cannot read IP mode file for STMicroelectronics.FP-SNS-STBOX1.2.0.0
2025-05-14 14:22:49,285 [WARN] PackLoader:240 - Cannot read IP mode file for STMicroelectronics.X-CUBE-SUBG2.5.0.0
2025-05-14 14:22:49,298 [WARN] PackLoader:240 - Cannot read IP mode file for STMicroelectronics.X-CUBE-AZRTOS-H7RS.1.1.0
2025-05-14 14:22:49,303 [WARN] PackLoader:240 - Cannot read IP mode file for Cesanta.I-CUBE-Mongoose.7.13.0
2025-05-14 14:22:49,311 [WARN] PackLoader:240 - Cannot read IP mode file for STMicroelectronics.X-CUBE-AZRTOS-G4.2.0.0
2025-05-14 14:22:49,314 [WARN] PackLoader:240 - Cannot read IP mode file for wolfSSL.I-CUBE-wolfSSH.1.4.20
2025-05-14 14:22:49,317 [WARN] PackLoader:240 - Cannot read IP mode file for STMicroelectronics.X-CUBE-NFC7.2.0.0
2025-05-14 14:22:49,322 [WARN] PackLoader:240 - Cannot read IP mode file for STMicroelectronics.X-CUBE-IPS.3.1.0
2025-05-14 14:22:49,327 [WARN] PackLoader:240 - Cannot read IP mode file for STMicroelectronics.X-CUBE-ALS.1.0.2
2025-05-14 14:22:49,329 [WARN] PackLoader:240 - Cannot read IP mode file for STMicroelectronics.X-CUBE-TOUCHGFX.4.24.2
2025-05-14 14:22:49,332 [WARN] PackLoader:240 - Cannot read IP mode file for portGmbH.I-Cube-SoM-uGOAL.1.1.0
2025-05-14 14:22:49,339 [WARN] PackLoader:240 - Cannot read IP mode file for STMicroelectronics.X-CUBE-AZRTOS-H7RS.1.0.0
2025-05-14 14:22:49,344 [WARN] PackLoader:240 - Cannot read IP mode file for STMicroelectronics.X-CUBE-TOF1.3.4.2
2025-05-14 14:22:49,351 [WARN] PackLoader:240 - Cannot read IP mode file for STMicroelectronics.X-CUBE-TOF1.3.4.3
2025-05-14 14:22:49,355 [INFO] ThirdParty:978 - Integrity check success = true
2025-05-14 14:22:49,355 [INFO] IntegrityCheckThread:100 - exiting critical section [integrity check]
2025-05-14 14:22:49,355 [INFO] IntegrityCheckThread:103 - End integrity checks thread
2025-05-14 14:49:52,635 [INFO] WebApp:190 - Connection lost
2025-05-14 14:49:52,884 [INFO] WebApp:187 - Connection restablished
2025-05-14 15:19:53,649 [INFO] WebApp:190 - Connection lost
2025-05-14 15:19:53,835 [INFO] WebApp:187 - Connection restablished
2025-05-14 15:50:17,238 [INFO] WebApp:190 - Connection lost
2025-05-14 15:50:17,579 [INFO] WebApp:187 - Connection restablished
2025-05-14 16:20:24,152 [INFO] WebApp:190 - Connection lost
2025-05-14 16:20:24,415 [INFO] WebApp:187 - Connection restablished
2025-05-14 16:50:35,141 [INFO] WebApp:190 - Connection lost
2025-05-14 16:50:35,398 [INFO] WebApp:187 - Connection restablished
2025-05-14 17:13:41,833 [ERROR] LogOutputStream:75 - [STDERR_REDIRECT] 
2025-05-14 17:13:41,833 [ERROR] LogOutputStream:75 - [STDERR_REDIRECT] 
