2025-06-18 10:00:04,674 [INFO] Activator:176 - 


2025-06-18 10:00:04,679 [INFO] Activator:177 - !SESSION log4j initialized
2025-06-18 10:00:09,545 [INFO] LogOutputStream:77 - [STDOUT_REDIRECT] 
2025-06-18 10:00:10,736 [INFO] ApplicationProperties:184 - Using Application install path: C:\ST\STM32CubeIDE_1.17.0\STM32CubeIDE\plugins\com.st.stm32cube.common.mx_6.13.0.202411220809
2025-06-18 10:00:10,757 [INFO] DbMcusXml:78 - Set database path to: C:\ST\STM32CubeIDE_1.17.0\STM32CubeIDE\plugins\com.st.stm32cube.common.mx_6.13.0.202411220809\\db\/mcu/
2025-06-18 10:00:10,757 [INFO] ApiDb:274 - Set plugin database path to: C:\ST\STM32CubeIDE_1.17.0\STM32CubeIDE\plugins\com.st.stm32cube.common.mx_6.13.0.202411220809\\db\/plugins/boardmanager/
2025-06-18 10:00:10,757 [WARN] ApiDb:259 - Overriding images path with different value:  => C:\ST\STM32CubeIDE_1.17.0\STM32CubeIDE\plugins\com.st.stm32cube.common.mx_6.13.0.202411220809\\db\/plugins/mcufinder/images/
2025-06-18 10:00:10,766 [INFO] ApiDb:250 - Set database path to: C:\Users\soufe\.stmcufinder\plugins\mcufinder//mcu/
2025-06-18 10:00:10,767 [INFO] DbMcusAds:125 - Set database path to: C:\Users\soufe\.stmcufinder\plugins\mcufinder//mcu/
2025-06-18 10:00:10,771 [INFO] CrossReferenceDbSqlite:203 - Set database path to: C:\Users\soufe\.stmcufinder\plugins\mcufinder//mcu/cs/
2025-06-18 10:00:10,891 [INFO] RulesReader:64 - Compatibility file has been processed (297 Rules)
2025-06-18 10:00:10,991 [INFO] DbMcusXml:78 - Set database path to: C:\ST\STM32CubeIDE_1.17.0\STM32CubeIDE\plugins\com.st.stm32cube.common.mx_6.13.0.202411220809\\db\/mcu/
2025-06-18 10:00:10,991 [INFO] ApiDb:274 - Set plugin database path to: C:\ST\STM32CubeIDE_1.17.0\STM32CubeIDE\plugins\com.st.stm32cube.common.mx_6.13.0.202411220809\\db\/plugins/boardmanager/
2025-06-18 10:00:10,992 [INFO] ApiDb:261 - Set plugin images path to: C:\ST\STM32CubeIDE_1.17.0\STM32CubeIDE\plugins\com.st.stm32cube.common.mx_6.13.0.202411220809\\db\/plugins/mcufinder/images/
2025-06-18 10:00:10,992 [WARN] DbFile:41 - Overriding database path with different value: C:\Users\soufe\.stmcufinder\plugins\mcufinder/ => C:\Users\soufe\.stmcufinder\plugins\mcufinder
2025-06-18 10:00:10,992 [INFO] ApiDb:250 - Set database path to: C:\Users\soufe\.stmcufinder\plugins\mcufinder//mcu/
2025-06-18 10:00:10,992 [WARN] DbFile:41 - Overriding database path with different value: C:\Users\soufe\.stmcufinder\plugins\mcufinder/ => C:\Users\soufe\.stmcufinder\plugins\mcufinder
2025-06-18 10:00:10,992 [INFO] DbMcusAds:125 - Set database path to: C:\Users\soufe\.stmcufinder\plugins\mcufinder//mcu/
2025-06-18 10:00:10,992 [WARN] DbFile:41 - Overriding database path with different value: C:\Users\soufe\.stmcufinder\plugins\mcufinder/ => C:\Users\soufe\.stmcufinder\plugins\mcufinder
2025-06-18 10:00:10,993 [WARN] DbFile:41 - Overriding database path with different value: C:\Users\soufe\.stmcufinder\plugins\mcufinder/ => C:\Users\soufe\.stmcufinder\plugins\mcufinder
2025-06-18 10:00:10,993 [INFO] CrossReferenceDbSqlite:203 - Set database path to: C:\Users\soufe\.stmcufinder\plugins\mcufinder//mcu/cs/
2025-06-18 10:00:11,086 [INFO] MainPanel:272 - HeapMemory: 268435456
2025-06-18 10:00:11,237 [INFO] DbMcusXml:78 - Set database path to: C:\ST\STM32CubeIDE_1.17.0\STM32CubeIDE\plugins\com.st.stm32cube.common.mx_6.13.0.202411220809\\db\/mcu/
2025-06-18 10:00:11,237 [INFO] ApiDb:274 - Set plugin database path to: C:\ST\STM32CubeIDE_1.17.0\STM32CubeIDE\plugins\com.st.stm32cube.common.mx_6.13.0.202411220809\\db\/plugins/boardmanager/
2025-06-18 10:00:11,238 [INFO] ApiDb:261 - Set plugin images path to: C:\ST\STM32CubeIDE_1.17.0\STM32CubeIDE\plugins\com.st.stm32cube.common.mx_6.13.0.202411220809\\db\/plugins/mcufinder/images/
2025-06-18 10:00:11,238 [WARN] DbFile:41 - Overriding database path with different value: C:\Users\soufe\.stmcufinder\plugins\mcufinder/ => C:\Users\soufe\.stmcufinder\plugins\mcufinder
2025-06-18 10:00:11,238 [INFO] ApiDb:250 - Set database path to: C:\Users\soufe\.stmcufinder\plugins\mcufinder//mcu/
2025-06-18 10:00:11,238 [WARN] DbFile:41 - Overriding database path with different value: C:\Users\soufe\.stmcufinder\plugins\mcufinder/ => C:\Users\soufe\.stmcufinder\plugins\mcufinder
2025-06-18 10:00:11,238 [INFO] DbMcusAds:125 - Set database path to: C:\Users\soufe\.stmcufinder\plugins\mcufinder//mcu/
2025-06-18 10:00:11,238 [WARN] DbFile:41 - Overriding database path with different value: C:\Users\soufe\.stmcufinder\plugins\mcufinder/ => C:\Users\soufe\.stmcufinder\plugins\mcufinder
2025-06-18 10:00:11,238 [WARN] DbFile:41 - Overriding database path with different value: C:\Users\soufe\.stmcufinder\plugins\mcufinder/ => C:\Users\soufe\.stmcufinder\plugins\mcufinder
2025-06-18 10:00:11,238 [INFO] CrossReferenceDbSqlite:203 - Set database path to: C:\Users\soufe\.stmcufinder\plugins\mcufinder//mcu/cs/
2025-06-18 10:00:11,261 [INFO] ApplicationProperties:184 - Using Application install path: C:\ST\STM32CubeIDE_1.17.0\STM32CubeIDE\plugins\com.st.stm32cube.common.mx_6.13.0.202411220809
2025-06-18 10:00:11,262 [INFO] PluginManage:196 - Search for loadable plugins [exclusion list=, ]
2025-06-18 10:00:11,265 [INFO] PluginManage:310 - Check plugin analytics
2025-06-18 10:00:11,503 [INFO] AnalyticsPlugin:253 - Accepted Software Licenses: 
2025-06-18 10:00:11,503 [INFO] AnalyticsPlugin:255 - Accepted CMSIS Pack Licenses: 
2025-06-18 10:00:11,503 [INFO] AnalyticsPlugin:257 - Accepted Firmware Licenses: FW.F4.1.28.0
2025-06-18 10:00:11,508 [INFO] PluginManage:359 - Loaded plugin analytics (category:tool,tabindex:-1)
2025-06-18 10:00:11,509 [INFO] PluginManage:310 - Check plugin cadmodel
2025-06-18 10:00:11,516 [INFO] CADModel:105 - Init CAD model plugin
2025-06-18 10:00:11,516 [INFO] PluginManage:359 - Loaded plugin cadmodel (category:power,tabindex:5)
2025-06-18 10:00:11,516 [INFO] PluginManage:310 - Check plugin clock
2025-06-18 10:00:11,526 [INFO] PluginManage:359 - Loaded plugin clock (category:base,tabindex:2)
2025-06-18 10:00:11,526 [INFO] PluginManage:310 - Check plugin ddr
2025-06-18 10:00:11,529 [INFO] PluginManage:359 - Loaded plugin ddr (category:tool,tabindex:6)
2025-06-18 10:00:11,530 [INFO] PluginManage:310 - Check plugin filemanager
2025-06-18 10:00:11,711 [INFO] PluginManage:359 - Loaded plugin filemanager (category:base,tabindex:10)
2025-06-18 10:00:11,711 [INFO] PluginManage:310 - Check plugin ipmanager
2025-06-18 10:00:11,722 [INFO] PluginManage:359 - Loaded plugin ipmanager (category:base,tabindex:5)
2025-06-18 10:00:11,722 [INFO] PluginManage:310 - Check plugin lpbam
2025-06-18 10:00:11,733 [INFO] PluginManage:359 - Loaded plugin lpbam (category:base,tabindex:0)
2025-06-18 10:00:11,733 [INFO] PluginManage:310 - Check plugin memorymap
2025-06-18 10:00:11,755 [INFO] PluginManage:359 - Loaded plugin memorymap (category:base,tabindex:4)
2025-06-18 10:00:11,756 [INFO] PluginManage:310 - Check plugin pinoutandconfiguration
2025-06-18 10:00:11,776 [INFO] PluginManage:359 - Loaded plugin pinoutandconfiguration (category:base,tabindex:1)
2025-06-18 10:00:11,777 [INFO] PluginManage:310 - Check plugin pinoutconfig
2025-06-18 10:00:11,897 [WARN] SupportedApi:132 - Cannot load RTOS API schema: s4s-elt-must-match.1: The content of 'definitions' must match (annotation?, (simpleType | complexType)?, (unique | key | keyref)*)). A problem was found starting at: attribute.
2025-06-18 10:00:12,064 [INFO] PluginManage:359 - Loaded plugin pinoutconfig (category:base,tabindex:0)
2025-06-18 10:00:12,064 [INFO] PluginManage:310 - Check plugin power
2025-06-18 10:00:12,075 [INFO] PluginManage:359 - Loaded plugin power (category:power,tabindex:4)
2025-06-18 10:00:12,076 [INFO] PluginManage:310 - Check plugin projectmanager
2025-06-18 10:00:12,094 [INFO] PluginManage:359 - Loaded plugin projectmanager (category:projectmanager,tabindex:4)
2025-06-18 10:00:12,094 [INFO] PluginManage:310 - Check plugin rif
2025-06-18 10:00:12,103 [INFO] PluginManage:359 - Loaded plugin rif (category:base,tabindex:3)
2025-06-18 10:00:12,103 [INFO] PluginManage:310 - Check plugin thirdparty
2025-06-18 10:00:12,301 [WARN] IntegrityCheckThread:84 - waiting for thirdparty lock release [integrity check]
2025-06-18 10:00:12,301 [INFO] IntegrityCheckThread:86 - entering critical section [integrity check]
2025-06-18 10:00:12,302 [INFO] PluginManage:359 - Loaded plugin thirdparty (category:base,tabindex:-1)
2025-06-18 10:00:12,302 [INFO] ThirdPartyUpdaterWithRetryManager:70 - Updater plugin not ready yet. [1/15]
2025-06-18 10:00:12,302 [INFO] PluginManage:310 - Check plugin tools
2025-06-18 10:00:12,304 [INFO] PluginManage:359 - Loaded plugin tools (category:base,tabindex:7)
2025-06-18 10:00:12,304 [INFO] PluginManage:310 - Check plugin tutovideos
2025-06-18 10:00:12,514 [INFO] PluginManage:359 - Loaded plugin tutovideos (category:base,tabindex:-1)
2025-06-18 10:00:12,514 [INFO] PluginManage:310 - Check plugin updater
2025-06-18 10:00:12,539 [INFO] PluginManage:359 - Loaded plugin updater (category:base,tabindex:12)
2025-06-18 10:00:12,540 [INFO] PluginManage:310 - Check plugin userauth
2025-06-18 10:00:12,544 [INFO] UserAuth:118 - Init User Auth plugin
2025-06-18 10:00:12,546 [INFO] PluginManage:359 - Loaded plugin userauth (category:base,tabindex:14)
2025-06-18 10:00:12,547 [INFO] PluginManage:283 - PluginManage : Loaded plugins [18]
2025-06-18 10:00:12,846 [INFO] PinOutPanel:1589 - setPackage(No Configuration,No Configuration)
2025-06-18 10:00:13,031 [INFO] CADModel:165 - CPN selected for project level
2025-06-18 10:00:13,031 [INFO] CADModel:114 - Register for checkConnection events
2025-06-18 10:00:13,058 [INFO] IPUIPlugin:80 - create IPUIPlugin
2025-06-18 10:00:13,058 [INFO] PluginManager:220 - loadIPPluginJar : add adc
2025-06-18 10:00:13,062 [INFO] IPUIPlugin:80 - create IPUIPlugin
2025-06-18 10:00:13,062 [INFO] PluginManager:220 - loadIPPluginJar : add aes
2025-06-18 10:00:13,067 [INFO] IPUIPlugin:80 - create IPUIPlugin
2025-06-18 10:00:13,067 [INFO] PluginManager:220 - loadIPPluginJar : add can
2025-06-18 10:00:13,069 [INFO] IPUIPlugin:80 - create IPUIPlugin
2025-06-18 10:00:13,070 [INFO] PluginManager:220 - loadIPPluginJar : add comp
2025-06-18 10:00:13,073 [INFO] IPUIPlugin:80 - create IPUIPlugin
2025-06-18 10:00:13,074 [INFO] PluginManager:220 - loadIPPluginJar : add cryp
2025-06-18 10:00:13,077 [INFO] IPUIPlugin:80 - create IPUIPlugin
2025-06-18 10:00:13,077 [INFO] PluginManager:220 - loadIPPluginJar : add ddr_ctrl_phy
2025-06-18 10:00:13,079 [INFO] IPUIPlugin:80 - create IPUIPlugin
2025-06-18 10:00:13,080 [INFO] PluginManager:220 - loadIPPluginJar : add dfsdm
2025-06-18 10:00:13,089 [INFO] IPUIPlugin:80 - create IPUIPlugin
2025-06-18 10:00:13,089 [INFO] PluginManager:220 - loadIPPluginJar : add dma
2025-06-18 10:00:13,093 [INFO] IPUIPlugin:80 - create IPUIPlugin
2025-06-18 10:00:13,093 [INFO] PluginManager:220 - loadIPPluginJar : add dma3
2025-06-18 10:00:13,096 [INFO] IPUIPlugin:80 - create IPUIPlugin
2025-06-18 10:00:13,097 [INFO] PluginManager:220 - loadIPPluginJar : add extmemmanager
2025-06-18 10:00:13,099 [INFO] IPUIPlugin:80 - create IPUIPlugin
2025-06-18 10:00:13,099 [INFO] PluginManager:220 - loadIPPluginJar : add fatfs
2025-06-18 10:00:13,104 [INFO] IPUIPlugin:80 - create IPUIPlugin
2025-06-18 10:00:13,104 [INFO] PluginManager:220 - loadIPPluginJar : add fmc
2025-06-18 10:00:13,109 [INFO] IPUIPlugin:80 - create IPUIPlugin
2025-06-18 10:00:13,110 [INFO] PluginManager:220 - loadIPPluginJar : add freertos
2025-06-18 10:00:13,112 [INFO] IPUIPlugin:80 - create IPUIPlugin
2025-06-18 10:00:13,112 [INFO] PluginManager:220 - loadIPPluginJar : add genericplugin
2025-06-18 10:00:13,116 [INFO] IPUIPlugin:80 - create IPUIPlugin
2025-06-18 10:00:13,116 [INFO] PluginManager:220 - loadIPPluginJar : add gfxmmu
2025-06-18 10:00:13,127 [INFO] IPUIPlugin:80 - create IPUIPlugin
2025-06-18 10:00:13,127 [INFO] PluginManager:220 - loadIPPluginJar : add gic
2025-06-18 10:00:13,132 [INFO] IPUIPlugin:80 - create IPUIPlugin
2025-06-18 10:00:13,132 [INFO] PluginManager:220 - loadIPPluginJar : add gpio
2025-06-18 10:00:13,137 [INFO] IPUIPlugin:80 - create IPUIPlugin
2025-06-18 10:00:13,137 [INFO] PluginManager:220 - loadIPPluginJar : add gtzc
2025-06-18 10:00:13,144 [INFO] IPUIPlugin:80 - create IPUIPlugin
2025-06-18 10:00:13,144 [INFO] PluginManager:220 - loadIPPluginJar : add hash
2025-06-18 10:00:13,152 [INFO] IPUIPlugin:80 - create IPUIPlugin
2025-06-18 10:00:13,152 [INFO] PluginManager:220 - loadIPPluginJar : add i2c
2025-06-18 10:00:13,158 [INFO] IPUIPlugin:80 - create IPUIPlugin
2025-06-18 10:00:13,159 [INFO] PluginManager:220 - loadIPPluginJar : add i2s
2025-06-18 10:00:13,165 [INFO] IPUIPlugin:80 - create IPUIPlugin
2025-06-18 10:00:13,166 [INFO] PluginManager:220 - loadIPPluginJar : add i3c
2025-06-18 10:00:13,174 [INFO] IPUIPlugin:80 - create IPUIPlugin
2025-06-18 10:00:13,174 [INFO] PluginManager:220 - loadIPPluginJar : add ipddr
2025-06-18 10:00:13,188 [INFO] IPUIPlugin:80 - create IPUIPlugin
2025-06-18 10:00:13,188 [INFO] PluginManager:220 - loadIPPluginJar : add linkedlist
2025-06-18 10:00:13,192 [INFO] IPUIPlugin:80 - create IPUIPlugin
2025-06-18 10:00:13,192 [INFO] PluginManager:220 - loadIPPluginJar : add lorawan
2025-06-18 10:00:13,194 [INFO] IPUIPlugin:80 - create IPUIPlugin
2025-06-18 10:00:13,194 [INFO] PluginManager:220 - loadIPPluginJar : add ltdc
2025-06-18 10:00:13,202 [INFO] IPUIPlugin:80 - create IPUIPlugin
2025-06-18 10:00:13,202 [INFO] PluginManager:220 - loadIPPluginJar : add mdma
2025-06-18 10:00:13,208 [INFO] IPUIPlugin:80 - create IPUIPlugin
2025-06-18 10:00:13,209 [INFO] PluginManager:220 - loadIPPluginJar : add nvic
2025-06-18 10:00:13,215 [INFO] IPUIPlugin:80 - create IPUIPlugin
2025-06-18 10:00:13,215 [INFO] PluginManager:220 - loadIPPluginJar : add opamp
2025-06-18 10:00:13,222 [INFO] IPUIPlugin:80 - create IPUIPlugin
2025-06-18 10:00:13,223 [INFO] PluginManager:220 - loadIPPluginJar : add openamp
2025-06-18 10:00:13,232 [INFO] IPUIPlugin:80 - create IPUIPlugin
2025-06-18 10:00:13,232 [INFO] PluginManager:220 - loadIPPluginJar : add pdm2pcm
2025-06-18 10:00:13,242 [INFO] IPUIPlugin:80 - create IPUIPlugin
2025-06-18 10:00:13,246 [INFO] PluginManager:220 - loadIPPluginJar : add plateformsettings
2025-06-18 10:00:13,248 [INFO] IPUIPlugin:80 - create IPUIPlugin
2025-06-18 10:00:13,248 [INFO] PluginManager:220 - loadIPPluginJar : add quadspi
2025-06-18 10:00:13,250 [INFO] IPUIPlugin:80 - create IPUIPlugin
2025-06-18 10:00:13,251 [INFO] PluginManager:220 - loadIPPluginJar : add radio
2025-06-18 10:00:13,255 [INFO] IPUIPlugin:80 - create IPUIPlugin
2025-06-18 10:00:13,255 [INFO] PluginManager:220 - loadIPPluginJar : add resmgrutility
2025-06-18 10:00:13,259 [INFO] IPUIPlugin:80 - create IPUIPlugin
2025-06-18 10:00:13,259 [INFO] PluginManager:220 - loadIPPluginJar : add sai
2025-06-18 10:00:13,263 [INFO] IPUIPlugin:80 - create IPUIPlugin
2025-06-18 10:00:13,264 [INFO] PluginManager:220 - loadIPPluginJar : add spi
2025-06-18 10:00:13,273 [INFO] IPUIPlugin:80 - create IPUIPlugin
2025-06-18 10:00:13,274 [INFO] PluginManager:220 - loadIPPluginJar : add stm32_wpan
2025-06-18 10:00:13,277 [INFO] IPUIPlugin:80 - create IPUIPlugin
2025-06-18 10:00:13,277 [INFO] PluginManager:220 - loadIPPluginJar : add tim
2025-06-18 10:00:13,282 [INFO] IPUIPlugin:80 - create IPUIPlugin
2025-06-18 10:00:13,283 [INFO] PluginManager:220 - loadIPPluginJar : add touchsensing
2025-06-18 10:00:13,284 [INFO] IPUIPlugin:80 - create IPUIPlugin
2025-06-18 10:00:13,284 [INFO] PluginManager:220 - loadIPPluginJar : add tracer_emb
2025-06-18 10:00:13,288 [INFO] IPUIPlugin:80 - create IPUIPlugin
2025-06-18 10:00:13,288 [INFO] PluginManager:220 - loadIPPluginJar : add ts
2025-06-18 10:00:13,290 [INFO] IPUIPlugin:80 - create IPUIPlugin
2025-06-18 10:00:13,290 [INFO] PluginManager:220 - loadIPPluginJar : add tsc
2025-06-18 10:00:13,291 [INFO] IPUIPlugin:80 - create IPUIPlugin
2025-06-18 10:00:13,292 [INFO] PluginManager:220 - loadIPPluginJar : add ucpd
2025-06-18 10:00:13,295 [INFO] IPUIPlugin:80 - create IPUIPlugin
2025-06-18 10:00:13,295 [INFO] PluginManager:220 - loadIPPluginJar : add usart
2025-06-18 10:00:13,299 [INFO] IPUIPlugin:80 - create IPUIPlugin
2025-06-18 10:00:13,299 [INFO] PluginManager:220 - loadIPPluginJar : add usbx
2025-06-18 10:00:13,437 [FATAL] Updater:351 - Updater called before beeing initialized
2025-06-18 10:00:13,475 [INFO] RulesReader:64 - Compatibility file has been processed (297 Rules)
2025-06-18 10:00:13,485 [INFO] RulesReader:64 - Compatibility file has been processed (297 Rules)
2025-06-18 10:00:13,512 [INFO] CADModel:165 - CPN selected for project level
2025-06-18 10:00:13,512 [INFO] CADModel:114 - Register for checkConnection events
2025-06-18 10:00:13,512 [FATAL] Updater:351 - Updater called before beeing initialized
2025-06-18 10:00:13,513 [ERROR] CADModel:125 - Updater not yet initialized, retry later 
2025-06-18 10:00:13,748 [FATAL] Updater:351 - Updater called before beeing initialized
2025-06-18 10:00:13,752 [INFO] CADModel:165 - CPN selected for project level
2025-06-18 10:00:13,752 [INFO] CADModel:114 - Register for checkConnection events
2025-06-18 10:00:13,752 [FATAL] Updater:351 - Updater called before beeing initialized
2025-06-18 10:00:13,752 [ERROR] CADModel:125 - Updater not yet initialized, retry later 
2025-06-18 10:00:13,756 [FATAL] Updater:351 - Updater called before beeing initialized
2025-06-18 10:00:13,908 [FATAL] Updater:351 - Updater called before beeing initialized
2025-06-18 10:00:13,914 [INFO] DbMcusAds:53 - JSON generation date=Thu Mar 06 15:54:22 CET 2025 (1741272862204)
2025-06-18 10:00:13,916 [FATAL] Updater:351 - Updater called before beeing initialized
2025-06-18 10:00:13,952 [WARN] DetailPanel:346 - Failed to get advertising image, set to default
2025-06-18 10:00:14,148 [FATAL] Updater:351 - Updater called before beeing initialized
2025-06-18 10:00:14,150 [FATAL] Updater:351 - Updater called before beeing initialized
2025-06-18 10:00:14,150 [FATAL] Updater:351 - Updater called before beeing initialized
2025-06-18 10:00:14,151 [WARN] DetailPanel:346 - Failed to get advertising image, set to default
2025-06-18 10:00:14,151 [FATAL] Updater:351 - Updater called before beeing initialized
2025-06-18 10:00:14,203 [ERROR] Updater:1198 - MainUpdater not yet initialized. External WinMGr cannot be set.
2025-06-18 10:00:14,205 [INFO] Updater:1134 - Updater Version found : 6.13.0
2025-06-18 10:00:14,224 [INFO] ApplicationProperties:184 - Using Application install path: C:\ST\STM32CubeIDE_1.17.0\STM32CubeIDE\plugins\com.st.stm32cube.common.mx_6.13.0.202411220809
2025-06-18 10:00:15,302 [INFO] ThirdPartyUpdaterWithRetryManager:70 - Updater plugin not ready yet. [2/15]
2025-06-18 10:00:15,794 [ERROR] LogOutputStream:75 - [STDERR_REDIRECT] Jun 18, 2025 10:00:15 AM java.util.prefs.WindowsPreferences <init>
2025-06-18 10:00:15,796 [ERROR] LogOutputStream:75 - [STDERR_REDIRECT] WARNING: Could not open/create prefs root node Software\JavaSoft\Prefs at root 0xffffffff80000002. Windows RegCreateKeyEx(...) returned error code 5.
2025-06-18 10:00:15,796 [ERROR] LogOutputStream:75 - [STDERR_REDIRECT] 
2025-06-18 10:00:16,304 [INFO] MainUpdater:2872 - connection check result : 10
2025-06-18 10:00:16,304 [INFO] MainUpdater:289 - Updater Check For Update Now.
2025-06-18 10:00:16,304 [INFO] MicroXplorer:498 - Change Database Version : DB.6.0.130
2025-06-18 10:00:16,315 [INFO] McuFinderGlobals:63 - Set McuFinder mode to 2 (CubeIDE integrated)
2025-06-18 10:00:16,317 [INFO] UserAuth:486 - Internet connection configuration mode: 1
2025-06-18 10:00:16,370 [INFO] JxBrowserEngine:152 - Initiate JxBrowser Engine with user profile folder
2025-06-18 10:00:16,520 [INFO] CheckServerUpdateThread:120 - End of CheckServer Thread
2025-06-18 10:00:17,307 [INFO] WebApp:168 - Instantiating new browser for Auth
2025-06-18 10:00:17,977 [INFO] WebApp:449 - Apply proxy settings
2025-06-18 10:00:17,977 [INFO] WebApp:534 - Chromium requires no authentication
2025-06-18 10:00:17,988 [INFO] WebApp:477 - Direct internet connection detected
2025-06-18 10:00:18,011 [INFO] WebApp:880 - Register for checkConnection events
2025-06-18 10:00:18,011 [INFO] WebApp:449 - Apply proxy settings
2025-06-18 10:00:18,011 [INFO] WebApp:534 - Chromium requires no authentication
2025-06-18 10:00:18,013 [INFO] WebApp:477 - Direct internet connection detected
2025-06-18 10:00:18,220 [INFO] WebApp:187 - Connection restablished
2025-06-18 10:00:18,286 [INFO] WebApp:221 - Starting web application
2025-06-18 10:00:18,287 [INFO] WebApp:579 - Web application path used C:\ST\STM32CubeIDE_1.17.0\STM32CubeIDE\plugins\com.st.stm32cube.common.mx_6.13.0.202411220809\db\plugins\mcufinder\reactClient1\index.html
2025-06-18 10:00:18,364 [INFO] UserAuth:486 - Internet connection configuration mode: 1
2025-06-18 10:00:18,573 [WARN] PackLoader:240 - Cannot read IP mode file for STMicroelectronics.FP-SNS-MOTENVWB1.1.4.0
2025-06-18 10:00:18,581 [WARN] PackLoader:240 - Cannot read IP mode file for STMicroelectronics.FP-ATR-ASTRA1.2.0.2
2025-06-18 10:00:18,588 [WARN] PackLoader:240 - Cannot read IP mode file for STMicroelectronics.X-CUBE-SMBUS.2.1.0
2025-06-18 10:00:18,596 [WARN] PackLoader:240 - Cannot read IP mode file for STMicroelectronics.X-CUBE-WB05N.1.1.0
2025-06-18 10:00:18,603 [WARN] PackLoader:240 - Cannot read IP mode file for STMicroelectronics.X-CUBE-ST60.1.0.0
2025-06-18 10:00:18,632 [WARN] PackLoader:240 - Cannot read IP mode file for STMicroelectronics.X-CUBE-AZRTOS-F7.1.1.0
2025-06-18 10:00:18,641 [WARN] PackLoader:240 - Cannot read IP mode file for STMicroelectronics.FP-SNS-FLIGHT1.5.0.2
2025-06-18 10:00:18,665 [WARN] PackLoader:240 - Cannot read IP mode file for Infineon.AIROC-Wi-Fi-Bluetooth-STM32.1.7.0
2025-06-18 10:00:18,678 [WARN] PackLoader:240 - Cannot read IP mode file for STMicroelectronics.X-CUBE-DISPLAY.3.0.0
2025-06-18 10:00:18,688 [WARN] PackLoader:240 - Cannot read IP mode file for STMicroelectronics.X-CUBE-BLE1.7.0.0
2025-06-18 10:00:18,695 [WARN] PackLoader:240 - Cannot read IP mode file for STMicroelectronics.X-CUBE-NFC10.1.0.0
2025-06-18 10:00:18,706 [WARN] PackLoader:240 - Cannot read IP mode file for STMicroelectronics.X-CUBE-BLEMGR.4.0.0
2025-06-18 10:00:18,714 [WARN] PackLoader:240 - Cannot read IP mode file for emotas.I-CUBE-CANOPEN.1.3.0
2025-06-18 10:00:18,718 [WARN] PackLoader:240 - Cannot read IP mode file for STMicroelectronics.X-CUBE-AI.10.0.0
2025-06-18 10:00:18,724 [WARN] PackLoader:240 - Cannot read IP mode file for STMicroelectronics.FP-SNS-SMARTAG2.1.2.0
2025-06-18 10:00:18,727 [WARN] PackLoader:240 - Cannot read IP mode file for STMicroelectronics.FP-SNS-FLIGHT1.5.1.0
2025-06-18 10:00:18,785 [WARN] PackLoader:240 - Cannot read IP mode file for STMicroelectronics.X-CUBE-MEMS1.11.1.0
2025-06-18 10:00:18,934 [INFO] LogOutputStream:77 - [STDOUT_REDIRECT] 1 : Invalid condition id : UX_CORESTACK_Condition cause : null
2025-06-18 10:00:18,935 [INFO] LogOutputStream:77 - [STDOUT_REDIRECT] 1 : Invalid condition id : UX_CORESTACK_Condition cause : null
2025-06-18 10:00:18,937 [INFO] LogOutputStream:77 - [STDOUT_REDIRECT] 1 : Invalid condition id : UX_CORESTACK_Condition cause : null
2025-06-18 10:00:18,938 [INFO] LogOutputStream:77 - [STDOUT_REDIRECT] 1 : Invalid condition id : UX_CORESTACK_Condition cause : null
2025-06-18 10:00:18,938 [INFO] LogOutputStream:77 - [STDOUT_REDIRECT] 1 : Invalid condition id : UX_CORESTACK_Condition cause : null
2025-06-18 10:00:18,941 [WARN] PackLoader:240 - Cannot read IP mode file for STMicroelectronics.X-CUBE-AZRTOS-WL.2.0.0
2025-06-18 10:00:18,947 [WARN] PackLoader:240 - Cannot read IP mode file for STMicroelectronics.FP-SNS-MOTENV1.5.0.0
2025-06-18 10:00:18,953 [WARN] PackLoader:240 - Cannot read IP mode file for WES.I-CUBE-Cesium.1.3.0
2025-06-18 10:00:18,957 [WARN] PackLoader:240 - Cannot read IP mode file for STMicroelectronics.X-CUBE-BLE2.3.3.0
2025-06-18 10:00:18,963 [WARN] PackLoader:240 - Cannot read IP mode file for STMicroelectronics.X-CUBE-NFC9.1.0.0
2025-06-18 10:00:18,967 [WARN] PackLoader:240 - Cannot read IP mode file for STMicroelectronics.X-CUBE-BLE1.7.1.0
2025-06-18 10:00:18,971 [WARN] PackLoader:240 - Cannot read IP mode file for wolfSSL.I-CUBE-wolfMQTT.1.19.2
2025-06-18 10:00:18,975 [WARN] PackLoader:240 - Cannot read IP mode file for STMicroelectronics.X-CUBE-AI.10.1.0
2025-06-18 10:00:19,021 [WARN] PackLoader:240 - Cannot read IP mode file for STMicroelectronics.X-CUBE-MEMS1.11.2.0
2025-06-18 10:00:19,117 [WARN] PackLoader:240 - Cannot read IP mode file for STMicroelectronics.X-CUBE-AZRTOS-G0.1.1.0
2025-06-18 10:00:19,125 [WARN] PackLoader:240 - Cannot read IP mode file for STMicroelectronics.X-CUBE-SAFEA1.1.2.2
2025-06-18 10:00:19,130 [WARN] PackLoader:240 - Cannot read IP mode file for STMicroelectronics.X-CUBE-NFC4.3.0.0
2025-06-18 10:00:19,138 [WARN] PackLoader:240 - Cannot read IP mode file for EmbeddedOffice.I-CUBE-FS-RTOS.1.0.1
2025-06-18 10:00:19,142 [WARN] PackLoader:240 - Cannot read IP mode file for STMicroelectronics.X-CUBE-WB05N.2.0.0
2025-06-18 10:00:19,146 [WARN] PackLoader:240 - Cannot read IP mode file for wolfSSL.I-CUBE-wolfTPM.3.8.0
2025-06-18 10:00:19,155 [WARN] PackLoader:240 - Cannot read IP mode file for STMicroelectronics.X-CUBE-TCPP.4.2.0
2025-06-18 10:00:19,161 [WARN] PackLoader:240 - Cannot read IP mode file for RealThread.X-CUBE-RT-Thread_Nano.4.1.1
2025-06-18 10:00:19,165 [WARN] PackLoader:240 - Cannot read IP mode file for STMicroelectronics.FP-ATR-SIGFOX1.3.2.0
2025-06-18 10:00:19,169 [WARN] ConditionMgr:438 - getConditionDescription Invalid condition id : Cortex-A Device cause : null
2025-06-18 10:00:19,184 [WARN] ConditionMgr:1044 - genDependencies : Invalid condition id : Cortex-A Device cause : null
2025-06-18 10:00:19,184 [WARN] ConditionMgr:1044 - genDependencies : Invalid condition id : Cortex-A Device cause : null
2025-06-18 10:00:19,184 [WARN] ConditionMgr:1044 - genDependencies : Invalid condition id : Cortex-A Device cause : null
2025-06-18 10:00:19,190 [WARN] PackLoader:240 - Cannot read IP mode file for STMicroelectronics.X-CUBE-EEPRMA1.5.1.0
2025-06-18 10:00:19,196 [WARN] PackLoader:240 - Cannot read IP mode file for wolfSSL.I-CUBE-wolfSSL.5.7.6
2025-06-18 10:00:19,203 [WARN] PackLoader:240 - Cannot read IP mode file for ITTIA_DB.I-CUBE-ITTIADB.8.9.0
2025-06-18 10:00:19,209 [WARN] PackLoader:240 - Cannot read IP mode file for STMicroelectronics.X-CUBE-ST67W61.1.0.0
2025-06-18 10:00:19,232 [WARN] PackLoader:240 - Cannot read IP mode file for SEGGER.I-CUBE-embOS.1.3.1
2025-06-18 10:00:19,258 [WARN] PackLoader:240 - Cannot read IP mode file for STMicroelectronics.X-CUBE-ALGOBUILD.1.4.0
2025-06-18 10:00:19,293 [WARN] PackLoader:240 - Cannot read IP mode file for STMicroelectronics.X-CUBE-MEMS1.11.3.0
2025-06-18 10:00:19,395 [WARN] PackLoader:240 - Cannot read IP mode file for STMicroelectronics.X-CUBE-AZRTOS-F4.1.1.0
2025-06-18 10:00:19,401 [WARN] PackLoader:240 - Cannot read IP mode file for Avnet-IotConnect.X-CUBE-IoTC-DA16k-PMOD.1.0.0
2025-06-18 10:00:19,405 [WARN] PackLoader:240 - Cannot read IP mode file for STMicroelectronics.X-CUBE-ISPU.2.1.0
2025-06-18 10:00:19,439 [WARN] PackLoader:240 - Cannot read IP mode file for STMicroelectronics.X-CUBE-AZRTOS-L5.2.0.0
2025-06-18 10:00:19,451 [WARN] PackLoader:240 - Cannot read IP mode file for STMicroelectronics.X-CUBE-NFC6.3.1.0
2025-06-18 10:00:19,458 [WARN] PackLoader:240 - Cannot read IP mode file for STMicroelectronics.X-CUBE-DPower.1.2.0
2025-06-18 10:00:19,464 [WARN] PackLoader:240 - Cannot read IP mode file for STMicroelectronics.X-CUBE-FREERTOS.1.3.1
2025-06-18 10:00:19,468 [WARN] PackLoader:240 - Cannot read IP mode file for STMicroelectronics.X-CUBE-FREERTOS.1.3.0
2025-06-18 10:00:19,472 [WARN] PackLoader:240 - Cannot read IP mode file for STMicroelectronics.X-CUBE-NFC7.1.0.1
2025-06-18 10:00:19,476 [WARN] PackLoader:240 - Cannot read IP mode file for STMicroelectronics.X-CUBE-DPower.1.3.0
2025-06-18 10:00:19,488 [WARN] ConditionMgr:438 - getConditionDescription Invalid condition id : LAN8742 Phy interface Condition cause : null
2025-06-18 10:00:19,488 [WARN] PackLoader:240 - Cannot read IP mode file for STMicroelectronics.X-CUBE-AZRTOS-L4.2.0.0
2025-06-18 10:00:19,489 [WARN] ConditionMgr:1044 - genDependencies : Invalid condition id : LAN8742 Phy interface Condition cause : null
2025-06-18 10:00:19,490 [WARN] ConditionMgr:1044 - genDependencies : Invalid condition id : LAN8742 Phy interface Condition cause : null
2025-06-18 10:00:19,490 [WARN] ConditionMgr:1044 - genDependencies : Invalid condition id : LAN8742 Phy interface Condition cause : null
2025-06-18 10:00:19,497 [WARN] PackLoader:240 - Cannot read IP mode file for STMicroelectronics.X-CUBE-SFXS2LP1.4.0.0
2025-06-18 10:00:19,510 [WARN] PackLoader:240 - Cannot read IP mode file for STMicroelectronics.X-CUBE-AZRTOS-H7.3.3.0
2025-06-18 10:00:19,525 [WARN] ConditionMgr:438 - getConditionDescription Invalid condition id : UX DEVICE CLASS RTOS Condition cause : null
2025-06-18 10:00:19,526 [WARN] ConditionMgr:438 - getConditionDescription Invalid condition id : UX DEVICE CLASS RTOS Condition cause : null
2025-06-18 10:00:19,527 [WARN] PackLoader:240 - Cannot read IP mode file for STMicroelectronics.X-CUBE-AZRTOS-WB.2.0.0
2025-06-18 10:00:19,527 [WARN] ConditionMgr:1044 - genDependencies : Invalid condition id : UX DEVICE CLASS RTOS Condition cause : null
2025-06-18 10:00:19,527 [WARN] ConditionMgr:1044 - genDependencies : Invalid condition id : UX DEVICE CLASS RTOS Condition cause : null
2025-06-18 10:00:19,528 [WARN] ConditionMgr:1044 - genDependencies : Invalid condition id : UX DEVICE CLASS RTOS Condition cause : null
2025-06-18 10:00:19,528 [WARN] ConditionMgr:1044 - genDependencies : Invalid condition id : UX DEVICE CLASS RTOS Condition cause : null
2025-06-18 10:00:19,528 [WARN] ConditionMgr:1044 - genDependencies : Invalid condition id : UX DEVICE CLASS RTOS Condition cause : null
2025-06-18 10:00:19,534 [WARN] PackLoader:240 - Cannot read IP mode file for STMicroelectronics.X-CUBE-GNSS1.7.0.1
2025-06-18 10:00:19,538 [WARN] PackLoader:240 - Cannot read IP mode file for STMicroelectronics.X-CUBE-TOUCHGFX.4.25.0
2025-06-18 10:00:19,543 [WARN] PackLoader:240 - Cannot read IP mode file for STMicroelectronics.FP-SNS-STBOX1.2.0.0
2025-06-18 10:00:19,551 [WARN] PackLoader:240 - Cannot read IP mode file for STMicroelectronics.X-CUBE-SUBG2.5.0.0
2025-06-18 10:00:19,567 [WARN] PackLoader:240 - Cannot read IP mode file for STMicroelectronics.X-CUBE-AZRTOS-H7RS.1.1.0
2025-06-18 10:00:19,573 [WARN] PackLoader:240 - Cannot read IP mode file for Cesanta.I-CUBE-Mongoose.7.13.0
2025-06-18 10:00:19,582 [WARN] PackLoader:240 - Cannot read IP mode file for STMicroelectronics.X-CUBE-AZRTOS-G4.2.0.0
2025-06-18 10:00:19,588 [WARN] PackLoader:240 - Cannot read IP mode file for wolfSSL.I-CUBE-wolfSSH.1.4.20
2025-06-18 10:00:19,591 [WARN] PackLoader:240 - Cannot read IP mode file for STMicroelectronics.X-CUBE-NFC7.2.0.0
2025-06-18 10:00:19,598 [WARN] PackLoader:240 - Cannot read IP mode file for STMicroelectronics.X-CUBE-IPS.3.1.0
2025-06-18 10:00:19,604 [WARN] PackLoader:240 - Cannot read IP mode file for STMicroelectronics.X-CUBE-ALS.1.0.2
2025-06-18 10:00:19,608 [WARN] PackLoader:240 - Cannot read IP mode file for STMicroelectronics.X-CUBE-TOUCHGFX.4.24.2
2025-06-18 10:00:19,612 [WARN] PackLoader:240 - Cannot read IP mode file for portGmbH.I-Cube-SoM-uGOAL.1.1.0
2025-06-18 10:00:19,626 [WARN] PackLoader:240 - Cannot read IP mode file for STMicroelectronics.X-CUBE-AZRTOS-H7RS.1.0.0
2025-06-18 10:00:19,637 [WARN] PackLoader:240 - Cannot read IP mode file for STMicroelectronics.X-CUBE-TOF1.3.4.2
2025-06-18 10:00:19,649 [WARN] PackLoader:240 - Cannot read IP mode file for STMicroelectronics.X-CUBE-TOF1.3.4.3
2025-06-18 10:00:19,657 [INFO] ThirdParty:978 - Integrity check success = true
2025-06-18 10:00:19,657 [INFO] IntegrityCheckThread:100 - exiting critical section [integrity check]
2025-06-18 10:00:19,657 [INFO] IntegrityCheckThread:103 - End integrity checks thread
2025-06-18 10:14:17,898 [INFO] WebApp:190 - Connection lost
2025-06-18 10:14:18,193 [INFO] WebApp:187 - Connection restablished
2025-06-18 10:44:22,950 [INFO] WebApp:190 - Connection lost
2025-06-18 10:44:23,164 [INFO] WebApp:187 - Connection restablished
2025-06-18 11:13:59,895 [INFO] WebApp:190 - Connection lost
2025-06-18 11:14:00,140 [INFO] WebApp:187 - Connection restablished
2025-06-18 11:44:18,395 [INFO] WebApp:190 - Connection lost
2025-06-18 11:44:18,670 [INFO] WebApp:187 - Connection restablished
2025-06-18 12:57:33,124 [INFO] WebApp:190 - Connection lost
2025-06-18 13:02:41,513 [INFO] WebApp:187 - Connection restablished
2025-06-18 13:32:56,881 [INFO] WebApp:190 - Connection lost
2025-06-18 13:32:57,137 [INFO] WebApp:187 - Connection restablished
2025-06-18 14:03:03,890 [INFO] WebApp:190 - Connection lost
2025-06-18 14:03:04,739 [INFO] WebApp:187 - Connection restablished
2025-06-18 14:33:01,890 [INFO] WebApp:190 - Connection lost
2025-06-18 14:33:02,126 [INFO] WebApp:187 - Connection restablished
2025-06-18 15:03:21,878 [INFO] WebApp:190 - Connection lost
2025-06-18 15:03:22,137 [INFO] WebApp:187 - Connection restablished
2025-06-18 15:38:27,367 [INFO] WebApp:190 - Connection lost
2025-06-18 15:38:27,618 [INFO] WebApp:187 - Connection restablished
2025-06-18 16:08:32,395 [INFO] WebApp:190 - Connection lost
2025-06-18 16:08:32,553 [INFO] WebApp:187 - Connection restablished
2025-06-18 16:38:50,414 [INFO] WebApp:190 - Connection lost
2025-06-18 16:38:50,705 [INFO] WebApp:187 - Connection restablished
2025-06-18 17:17:34,496 [INFO] WebApp:190 - Connection lost
